[2024-08-01T14:32:03.530+0000] {logging_mixin.py:149} WARNING - /home/***/.local/lib/python3.7/site-packages/***/utils/sqlalchemy.py:124 DeprecationWarning: The sql_alchemy_conn option in [core] has been moved to the sql_alchemy_conn option in [database] - the old setting has been used, but please update your config.
[2024-08-01T14:32:03.550+0000] {taskinstance.py:1103} INFO - Dependencies all met for dep_context=non-requeueable deps ti=<TaskInstance: nyc_taxi_etl.download_parquet scheduled__2023-01-03T00:00:00+00:00 [queued]>
[2024-08-01T14:32:03.564+0000] {taskinstance.py:1103} INFO - Dependencies all met for dep_context=requeueable deps ti=<TaskInstance: nyc_taxi_etl.download_parquet scheduled__2023-01-03T00:00:00+00:00 [queued]>
[2024-08-01T14:32:03.565+0000] {taskinstance.py:1308} INFO - Starting attempt 1 of 2
[2024-08-01T14:32:03.593+0000] {taskinstance.py:1327} INFO - Executing <Task(PythonOperator): download_parquet> on 2023-01-03 00:00:00+00:00
[2024-08-01T14:32:03.604+0000] {standard_task_runner.py:57} INFO - Started process 238 to run task
[2024-08-01T14:32:03.610+0000] {standard_task_runner.py:84} INFO - Running: ['***', 'tasks', 'run', 'nyc_taxi_etl', 'download_parquet', 'scheduled__2023-01-03T00:00:00+00:00', '--job-id', '7', '--raw', '--subdir', 'DAGS_FOLDER/nyc_taxi_etl.py', '--cfg-path', '/tmp/tmpau8pv6aq']
[2024-08-01T14:32:03.612+0000] {standard_task_runner.py:85} INFO - Job 7: Subtask download_parquet
[2024-08-01T14:32:03.634+0000] {logging_mixin.py:149} WARNING - /home/***/.local/lib/python3.7/site-packages/***/settings.py:195 DeprecationWarning: The sql_alchemy_conn option in [core] has been moved to the sql_alchemy_conn option in [database] - the old setting has been used, but please update your config.
[2024-08-01T14:32:03.682+0000] {task_command.py:410} INFO - Running <TaskInstance: nyc_taxi_etl.download_parquet scheduled__2023-01-03T00:00:00+00:00 [running]> on host 31f8257a797f
[2024-08-01T14:32:03.699+0000] {logging_mixin.py:149} WARNING - /home/***/.local/lib/python3.7/site-packages/***/utils/sqlalchemy.py:124 DeprecationWarning: The sql_alchemy_conn option in [core] has been moved to the sql_alchemy_conn option in [database] - the old setting has been used, but please update your config.
[2024-08-01T14:32:04.031+0000] {taskinstance.py:1547} INFO - Exporting env vars: AIRFLOW_CTX_DAG_OWNER='***' AIRFLOW_CTX_DAG_ID='nyc_taxi_etl' AIRFLOW_CTX_TASK_ID='download_parquet' AIRFLOW_CTX_EXECUTION_DATE='2023-01-03T00:00:00+00:00' AIRFLOW_CTX_TRY_NUMBER='1' AIRFLOW_CTX_DAG_RUN_ID='scheduled__2023-01-03T00:00:00+00:00'
[2024-08-01T14:32:14.166+0000] {python.py:183} INFO - Done. Returned value was: None
[2024-08-01T14:32:14.208+0000] {taskinstance.py:1350} INFO - Marking task as SUCCESS. dag_id=nyc_taxi_etl, task_id=download_parquet, execution_date=20230103T000000, start_date=20240801T143203, end_date=20240801T143214
[2024-08-01T14:32:14.430+0000] {local_task_job_runner.py:225} INFO - Task exited with return code 0
[2024-08-01T14:32:15.019+0000] {taskinstance.py:2651} INFO - 1 downstream tasks scheduled from follow-on schedule check
[2024-08-01T14:40:08.741+0000] {logging_mixin.py:149} WARNING - /home/***/.local/lib/python3.7/site-packages/***/utils/sqlalchemy.py:124 DeprecationWarning: The sql_alchemy_conn option in [core] has been moved to the sql_alchemy_conn option in [database] - the old setting has been used, but please update your config.
[2024-08-01T14:40:08.750+0000] {taskinstance.py:1103} INFO - Dependencies all met for dep_context=non-requeueable deps ti=<TaskInstance: nyc_taxi_etl.download_parquet scheduled__2023-01-03T00:00:00+00:00 [queued]>
[2024-08-01T14:40:08.758+0000] {taskinstance.py:1103} INFO - Dependencies all met for dep_context=requeueable deps ti=<TaskInstance: nyc_taxi_etl.download_parquet scheduled__2023-01-03T00:00:00+00:00 [queued]>
[2024-08-01T14:40:08.759+0000] {taskinstance.py:1308} INFO - Starting attempt 1 of 2
[2024-08-01T14:40:08.770+0000] {taskinstance.py:1327} INFO - Executing <Task(PythonOperator): download_parquet> on 2023-01-03 00:00:00+00:00
[2024-08-01T14:40:08.838+0000] {standard_task_runner.py:57} INFO - Started process 734 to run task
[2024-08-01T14:40:08.842+0000] {standard_task_runner.py:84} INFO - Running: ['***', 'tasks', 'run', 'nyc_taxi_etl', 'download_parquet', 'scheduled__2023-01-03T00:00:00+00:00', '--job-id', '18', '--raw', '--subdir', 'DAGS_FOLDER/nyc_taxi_etl.py', '--cfg-path', '/tmp/tmpp6omjc56']
[2024-08-01T14:40:08.845+0000] {standard_task_runner.py:85} INFO - Job 18: Subtask download_parquet
[2024-08-01T14:40:08.876+0000] {logging_mixin.py:149} WARNING - /home/***/.local/lib/python3.7/site-packages/***/settings.py:195 DeprecationWarning: The sql_alchemy_conn option in [core] has been moved to the sql_alchemy_conn option in [database] - the old setting has been used, but please update your config.
[2024-08-01T14:40:08.925+0000] {task_command.py:410} INFO - Running <TaskInstance: nyc_taxi_etl.download_parquet scheduled__2023-01-03T00:00:00+00:00 [running]> on host 31f8257a797f
[2024-08-01T14:40:08.942+0000] {logging_mixin.py:149} WARNING - /home/***/.local/lib/python3.7/site-packages/***/utils/sqlalchemy.py:124 DeprecationWarning: The sql_alchemy_conn option in [core] has been moved to the sql_alchemy_conn option in [database] - the old setting has been used, but please update your config.
[2024-08-01T14:40:09.413+0000] {taskinstance.py:1547} INFO - Exporting env vars: AIRFLOW_CTX_DAG_OWNER='***' AIRFLOW_CTX_DAG_ID='nyc_taxi_etl' AIRFLOW_CTX_TASK_ID='download_parquet' AIRFLOW_CTX_EXECUTION_DATE='2023-01-03T00:00:00+00:00' AIRFLOW_CTX_TRY_NUMBER='1' AIRFLOW_CTX_DAG_RUN_ID='scheduled__2023-01-03T00:00:00+00:00'
[2024-08-01T14:40:19.655+0000] {python.py:183} INFO - Done. Returned value was: None
[2024-08-01T14:40:19.707+0000] {taskinstance.py:1350} INFO - Marking task as SUCCESS. dag_id=nyc_taxi_etl, task_id=download_parquet, execution_date=20230103T000000, start_date=20240801T144008, end_date=20240801T144019
[2024-08-01T14:40:19.872+0000] {local_task_job_runner.py:225} INFO - Task exited with return code 0
