[2024-08-01T14:27:57.256+0000] {processor.py:157} INFO - Started process (PID=24) to work on /opt/airflow/dags/nyc_taxi_etl.py
[2024-08-01T14:27:57.258+0000] {processor.py:826} INFO - Processing file /opt/airflow/dags/nyc_taxi_etl.py for tasks to queue
[2024-08-01T14:27:57.260+0000] {logging_mixin.py:149} INFO - [2024-08-01T14:27:57.260+0000] {dagbag.py:541} INFO - Filling up the DagBag from /opt/airflow/dags/nyc_taxi_etl.py
[2024-08-01T14:27:57.291+0000] {logging_mixin.py:149} INFO - [2024-08-01T14:27:57.287+0000] {dagbag.py:350} ERROR - Failed to import: /opt/airflow/dags/nyc_taxi_etl.py
Traceback (most recent call last):
  File "/home/airflow/.local/lib/python3.7/site-packages/airflow/models/dagbag.py", line 346, in parse
    loader.exec_module(new_module)
  File "<frozen importlib._bootstrap_external>", line 728, in exec_module
  File "<frozen importlib._bootstrap>", line 219, in _call_with_frames_removed
  File "/opt/airflow/dags/nyc_taxi_etl.py", line 5, in <module>
    sys.path.append('/opt/airflow/scripts')
NameError: name 'sys' is not defined
[2024-08-01T14:27:57.292+0000] {processor.py:838} WARNING - No viable dags retrieved from /opt/airflow/dags/nyc_taxi_etl.py
[2024-08-01T14:27:57.345+0000] {processor.py:179} INFO - Processing /opt/airflow/dags/nyc_taxi_etl.py took 0.098 seconds
[2024-08-01T14:28:28.304+0000] {processor.py:157} INFO - Started process (PID=25) to work on /opt/airflow/dags/nyc_taxi_etl.py
[2024-08-01T14:28:28.311+0000] {processor.py:826} INFO - Processing file /opt/airflow/dags/nyc_taxi_etl.py for tasks to queue
[2024-08-01T14:28:28.314+0000] {logging_mixin.py:149} INFO - [2024-08-01T14:28:28.311+0000] {dagbag.py:541} INFO - Filling up the DagBag from /opt/airflow/dags/nyc_taxi_etl.py
[2024-08-01T14:28:28.386+0000] {logging_mixin.py:149} INFO - [2024-08-01T14:28:28.375+0000] {dagbag.py:350} ERROR - Failed to import: /opt/airflow/dags/nyc_taxi_etl.py
Traceback (most recent call last):
  File "/home/airflow/.local/lib/python3.7/site-packages/airflow/models/dagbag.py", line 346, in parse
    loader.exec_module(new_module)
  File "<frozen importlib._bootstrap_external>", line 728, in exec_module
  File "<frozen importlib._bootstrap>", line 219, in _call_with_frames_removed
  File "/opt/airflow/dags/nyc_taxi_etl.py", line 5, in <module>
    sys.path.append('/opt/airflow/scripts')
NameError: name 'sys' is not defined
[2024-08-01T14:28:28.387+0000] {processor.py:838} WARNING - No viable dags retrieved from /opt/airflow/dags/nyc_taxi_etl.py
[2024-08-01T14:28:28.480+0000] {processor.py:179} INFO - Processing /opt/airflow/dags/nyc_taxi_etl.py took 0.200 seconds
[2024-08-01T14:28:59.017+0000] {processor.py:157} INFO - Started process (PID=26) to work on /opt/airflow/dags/nyc_taxi_etl.py
[2024-08-01T14:28:59.020+0000] {processor.py:826} INFO - Processing file /opt/airflow/dags/nyc_taxi_etl.py for tasks to queue
[2024-08-01T14:28:59.023+0000] {logging_mixin.py:149} INFO - [2024-08-01T14:28:59.023+0000] {dagbag.py:541} INFO - Filling up the DagBag from /opt/airflow/dags/nyc_taxi_etl.py
[2024-08-01T14:28:59.133+0000] {logging_mixin.py:149} INFO - [2024-08-01T14:28:59.116+0000] {dagbag.py:350} ERROR - Failed to import: /opt/airflow/dags/nyc_taxi_etl.py
Traceback (most recent call last):
  File "/home/airflow/.local/lib/python3.7/site-packages/airflow/models/dagbag.py", line 346, in parse
    loader.exec_module(new_module)
  File "<frozen importlib._bootstrap_external>", line 728, in exec_module
  File "<frozen importlib._bootstrap>", line 219, in _call_with_frames_removed
  File "/opt/airflow/dags/nyc_taxi_etl.py", line 5, in <module>
    sys.path.append('/opt/airflow/scripts')
NameError: name 'sys' is not defined
[2024-08-01T14:28:59.133+0000] {processor.py:838} WARNING - No viable dags retrieved from /opt/airflow/dags/nyc_taxi_etl.py
[2024-08-01T14:28:59.285+0000] {processor.py:179} INFO - Processing /opt/airflow/dags/nyc_taxi_etl.py took 0.318 seconds
[2024-08-01T14:29:29.410+0000] {processor.py:157} INFO - Started process (PID=27) to work on /opt/airflow/dags/nyc_taxi_etl.py
[2024-08-01T14:29:29.411+0000] {processor.py:826} INFO - Processing file /opt/airflow/dags/nyc_taxi_etl.py for tasks to queue
[2024-08-01T14:29:29.412+0000] {logging_mixin.py:149} INFO - [2024-08-01T14:29:29.412+0000] {dagbag.py:541} INFO - Filling up the DagBag from /opt/airflow/dags/nyc_taxi_etl.py
[2024-08-01T14:29:29.427+0000] {logging_mixin.py:149} INFO - [2024-08-01T14:29:29.424+0000] {dagbag.py:350} ERROR - Failed to import: /opt/airflow/dags/nyc_taxi_etl.py
Traceback (most recent call last):
  File "/home/airflow/.local/lib/python3.7/site-packages/airflow/models/dagbag.py", line 346, in parse
    loader.exec_module(new_module)
  File "<frozen importlib._bootstrap_external>", line 728, in exec_module
  File "<frozen importlib._bootstrap>", line 219, in _call_with_frames_removed
  File "/opt/airflow/dags/nyc_taxi_etl.py", line 5, in <module>
    sys.path.append('/opt/airflow/scripts')
NameError: name 'sys' is not defined
[2024-08-01T14:29:29.427+0000] {processor.py:838} WARNING - No viable dags retrieved from /opt/airflow/dags/nyc_taxi_etl.py
[2024-08-01T14:29:29.494+0000] {processor.py:179} INFO - Processing /opt/airflow/dags/nyc_taxi_etl.py took 0.093 seconds
[2024-08-01T14:29:59.905+0000] {processor.py:157} INFO - Started process (PID=28) to work on /opt/airflow/dags/nyc_taxi_etl.py
[2024-08-01T14:29:59.907+0000] {processor.py:826} INFO - Processing file /opt/airflow/dags/nyc_taxi_etl.py for tasks to queue
[2024-08-01T14:29:59.908+0000] {logging_mixin.py:149} INFO - [2024-08-01T14:29:59.908+0000] {dagbag.py:541} INFO - Filling up the DagBag from /opt/airflow/dags/nyc_taxi_etl.py
[2024-08-01T14:29:59.921+0000] {logging_mixin.py:149} INFO - [2024-08-01T14:29:59.919+0000] {dagbag.py:350} ERROR - Failed to import: /opt/airflow/dags/nyc_taxi_etl.py
Traceback (most recent call last):
  File "/home/airflow/.local/lib/python3.7/site-packages/airflow/models/dagbag.py", line 346, in parse
    loader.exec_module(new_module)
  File "<frozen importlib._bootstrap_external>", line 728, in exec_module
  File "<frozen importlib._bootstrap>", line 219, in _call_with_frames_removed
  File "/opt/airflow/dags/nyc_taxi_etl.py", line 5, in <module>
    sys.path.append('/opt/airflow/scripts')
NameError: name 'sys' is not defined
[2024-08-01T14:29:59.922+0000] {processor.py:838} WARNING - No viable dags retrieved from /opt/airflow/dags/nyc_taxi_etl.py
[2024-08-01T14:29:59.996+0000] {processor.py:179} INFO - Processing /opt/airflow/dags/nyc_taxi_etl.py took 0.114 seconds
[2024-08-01T14:30:03.011+0000] {processor.py:157} INFO - Started process (PID=29) to work on /opt/airflow/dags/nyc_taxi_etl.py
[2024-08-01T14:30:03.013+0000] {processor.py:826} INFO - Processing file /opt/airflow/dags/nyc_taxi_etl.py for tasks to queue
[2024-08-01T14:30:03.014+0000] {logging_mixin.py:149} INFO - [2024-08-01T14:30:03.014+0000] {dagbag.py:541} INFO - Filling up the DagBag from /opt/airflow/dags/nyc_taxi_etl.py
[2024-08-01T14:30:08.840+0000] {processor.py:836} INFO - DAG(s) dict_keys(['nyc_taxi_etl']) retrieved from /opt/airflow/dags/nyc_taxi_etl.py
[2024-08-01T14:30:09.500+0000] {logging_mixin.py:149} INFO - [2024-08-01T14:30:09.499+0000] {manager.py:504} INFO - Created Permission View: can read on DAG:nyc_taxi_etl
[2024-08-01T14:30:09.518+0000] {logging_mixin.py:149} INFO - [2024-08-01T14:30:09.518+0000] {manager.py:504} INFO - Created Permission View: can edit on DAG:nyc_taxi_etl
[2024-08-01T14:30:09.527+0000] {logging_mixin.py:149} INFO - [2024-08-01T14:30:09.527+0000] {manager.py:504} INFO - Created Permission View: can delete on DAG:nyc_taxi_etl
[2024-08-01T14:30:09.530+0000] {logging_mixin.py:149} INFO - [2024-08-01T14:30:09.527+0000] {dag.py:2726} INFO - Sync 1 DAGs
[2024-08-01T14:30:09.549+0000] {logging_mixin.py:149} INFO - [2024-08-01T14:30:09.548+0000] {dag.py:2747} INFO - Creating ORM DAG for nyc_taxi_etl
[2024-08-01T14:30:09.564+0000] {logging_mixin.py:149} INFO - [2024-08-01T14:30:09.563+0000] {dag.py:3490} INFO - Setting next_dagrun for nyc_taxi_etl to 2023-01-01T00:00:00+00:00, run_after=2023-01-02T00:00:00+00:00
[2024-08-01T14:30:09.596+0000] {processor.py:179} INFO - Processing /opt/airflow/dags/nyc_taxi_etl.py took 6.603 seconds
[2024-08-01T14:30:39.915+0000] {processor.py:157} INFO - Started process (PID=42) to work on /opt/airflow/dags/nyc_taxi_etl.py
[2024-08-01T14:30:39.917+0000] {processor.py:826} INFO - Processing file /opt/airflow/dags/nyc_taxi_etl.py for tasks to queue
[2024-08-01T14:30:39.918+0000] {logging_mixin.py:149} INFO - [2024-08-01T14:30:39.917+0000] {dagbag.py:541} INFO - Filling up the DagBag from /opt/airflow/dags/nyc_taxi_etl.py
[2024-08-01T14:30:41.038+0000] {processor.py:836} INFO - DAG(s) dict_keys(['nyc_taxi_etl']) retrieved from /opt/airflow/dags/nyc_taxi_etl.py
[2024-08-01T14:30:41.161+0000] {logging_mixin.py:149} INFO - [2024-08-01T14:30:41.160+0000] {dag.py:2726} INFO - Sync 1 DAGs
[2024-08-01T14:30:41.230+0000] {logging_mixin.py:149} INFO - [2024-08-01T14:30:41.229+0000] {dag.py:3490} INFO - Setting next_dagrun for nyc_taxi_etl to 2023-01-01T00:00:00+00:00, run_after=2023-01-02T00:00:00+00:00
[2024-08-01T14:30:41.476+0000] {processor.py:179} INFO - Processing /opt/airflow/dags/nyc_taxi_etl.py took 1.566 seconds
[2024-08-01T14:31:12.839+0000] {processor.py:157} INFO - Started process (PID=90) to work on /opt/airflow/dags/nyc_taxi_etl.py
[2024-08-01T14:31:12.844+0000] {processor.py:826} INFO - Processing file /opt/airflow/dags/nyc_taxi_etl.py for tasks to queue
[2024-08-01T14:31:12.846+0000] {logging_mixin.py:149} INFO - [2024-08-01T14:31:12.846+0000] {dagbag.py:541} INFO - Filling up the DagBag from /opt/airflow/dags/nyc_taxi_etl.py
[2024-08-01T14:31:14.938+0000] {processor.py:836} INFO - DAG(s) dict_keys(['nyc_taxi_etl']) retrieved from /opt/airflow/dags/nyc_taxi_etl.py
[2024-08-01T14:31:15.008+0000] {logging_mixin.py:149} INFO - [2024-08-01T14:31:15.007+0000] {dag.py:2726} INFO - Sync 1 DAGs
[2024-08-01T14:31:15.057+0000] {logging_mixin.py:149} INFO - [2024-08-01T14:31:15.057+0000] {dag.py:3490} INFO - Setting next_dagrun for nyc_taxi_etl to 2023-01-02T00:00:00+00:00, run_after=2023-01-03T00:00:00+00:00
[2024-08-01T14:31:15.089+0000] {processor.py:179} INFO - Processing /opt/airflow/dags/nyc_taxi_etl.py took 2.290 seconds
[2024-08-01T14:31:45.879+0000] {processor.py:157} INFO - Started process (PID=175) to work on /opt/airflow/dags/nyc_taxi_etl.py
[2024-08-01T14:31:45.883+0000] {processor.py:826} INFO - Processing file /opt/airflow/dags/nyc_taxi_etl.py for tasks to queue
[2024-08-01T14:31:45.888+0000] {logging_mixin.py:149} INFO - [2024-08-01T14:31:45.887+0000] {dagbag.py:541} INFO - Filling up the DagBag from /opt/airflow/dags/nyc_taxi_etl.py
[2024-08-01T14:31:47.780+0000] {processor.py:836} INFO - DAG(s) dict_keys(['nyc_taxi_etl']) retrieved from /opt/airflow/dags/nyc_taxi_etl.py
[2024-08-01T14:31:47.909+0000] {logging_mixin.py:149} INFO - [2024-08-01T14:31:47.909+0000] {dag.py:2726} INFO - Sync 1 DAGs
[2024-08-01T14:31:47.972+0000] {logging_mixin.py:149} INFO - [2024-08-01T14:31:47.972+0000] {dag.py:3490} INFO - Setting next_dagrun for nyc_taxi_etl to 2023-01-03T00:00:00+00:00, run_after=2023-01-04T00:00:00+00:00
[2024-08-01T14:31:48.006+0000] {processor.py:179} INFO - Processing /opt/airflow/dags/nyc_taxi_etl.py took 2.153 seconds
[2024-08-01T14:32:18.617+0000] {processor.py:157} INFO - Started process (PID=262) to work on /opt/airflow/dags/nyc_taxi_etl.py
[2024-08-01T14:32:18.620+0000] {processor.py:826} INFO - Processing file /opt/airflow/dags/nyc_taxi_etl.py for tasks to queue
[2024-08-01T14:32:18.624+0000] {logging_mixin.py:149} INFO - [2024-08-01T14:32:18.624+0000] {dagbag.py:541} INFO - Filling up the DagBag from /opt/airflow/dags/nyc_taxi_etl.py
[2024-08-01T14:32:20.143+0000] {processor.py:836} INFO - DAG(s) dict_keys(['nyc_taxi_etl']) retrieved from /opt/airflow/dags/nyc_taxi_etl.py
[2024-08-01T14:32:20.185+0000] {logging_mixin.py:149} INFO - [2024-08-01T14:32:20.185+0000] {dag.py:2726} INFO - Sync 1 DAGs
[2024-08-01T14:32:20.218+0000] {logging_mixin.py:149} INFO - [2024-08-01T14:32:20.218+0000] {dag.py:3490} INFO - Setting next_dagrun for nyc_taxi_etl to 2023-01-04T00:00:00+00:00, run_after=2023-01-05T00:00:00+00:00
[2024-08-01T14:32:20.410+0000] {processor.py:179} INFO - Processing /opt/airflow/dags/nyc_taxi_etl.py took 1.805 seconds
[2024-08-01T14:32:51.480+0000] {processor.py:157} INFO - Started process (PID=358) to work on /opt/airflow/dags/nyc_taxi_etl.py
[2024-08-01T14:32:51.482+0000] {processor.py:826} INFO - Processing file /opt/airflow/dags/nyc_taxi_etl.py for tasks to queue
[2024-08-01T14:32:51.484+0000] {logging_mixin.py:149} INFO - [2024-08-01T14:32:51.484+0000] {dagbag.py:541} INFO - Filling up the DagBag from /opt/airflow/dags/nyc_taxi_etl.py
[2024-08-01T14:32:53.402+0000] {processor.py:836} INFO - DAG(s) dict_keys(['nyc_taxi_etl']) retrieved from /opt/airflow/dags/nyc_taxi_etl.py
[2024-08-01T14:32:53.547+0000] {logging_mixin.py:149} INFO - [2024-08-01T14:32:53.546+0000] {dag.py:2726} INFO - Sync 1 DAGs
[2024-08-01T14:32:53.800+0000] {logging_mixin.py:149} INFO - [2024-08-01T14:32:53.800+0000] {dag.py:3490} INFO - Setting next_dagrun for nyc_taxi_etl to 2023-01-06T00:00:00+00:00, run_after=2023-01-07T00:00:00+00:00
[2024-08-01T14:32:53.819+0000] {processor.py:179} INFO - Processing /opt/airflow/dags/nyc_taxi_etl.py took 2.346 seconds
[2024-08-01T14:33:23.950+0000] {processor.py:157} INFO - Started process (PID=408) to work on /opt/airflow/dags/nyc_taxi_etl.py
[2024-08-01T14:33:23.954+0000] {processor.py:826} INFO - Processing file /opt/airflow/dags/nyc_taxi_etl.py for tasks to queue
[2024-08-01T14:33:23.956+0000] {logging_mixin.py:149} INFO - [2024-08-01T14:33:23.956+0000] {dagbag.py:541} INFO - Filling up the DagBag from /opt/airflow/dags/nyc_taxi_etl.py
[2024-08-01T14:33:25.151+0000] {processor.py:836} INFO - DAG(s) dict_keys(['nyc_taxi_etl']) retrieved from /opt/airflow/dags/nyc_taxi_etl.py
[2024-08-01T14:33:25.189+0000] {logging_mixin.py:149} INFO - [2024-08-01T14:33:25.188+0000] {dag.py:2726} INFO - Sync 1 DAGs
[2024-08-01T14:33:25.275+0000] {logging_mixin.py:149} INFO - [2024-08-01T14:33:25.275+0000] {dag.py:3490} INFO - Setting next_dagrun for nyc_taxi_etl to 2023-01-06T00:00:00+00:00, run_after=2023-01-07T00:00:00+00:00
[2024-08-01T14:33:25.289+0000] {processor.py:179} INFO - Processing /opt/airflow/dags/nyc_taxi_etl.py took 1.367 seconds
[2024-08-01T14:33:55.930+0000] {processor.py:157} INFO - Started process (PID=421) to work on /opt/airflow/dags/nyc_taxi_etl.py
[2024-08-01T14:33:55.937+0000] {processor.py:826} INFO - Processing file /opt/airflow/dags/nyc_taxi_etl.py for tasks to queue
[2024-08-01T14:33:55.941+0000] {logging_mixin.py:149} INFO - [2024-08-01T14:33:55.941+0000] {dagbag.py:541} INFO - Filling up the DagBag from /opt/airflow/dags/nyc_taxi_etl.py
[2024-08-01T14:33:57.478+0000] {processor.py:836} INFO - DAG(s) dict_keys(['nyc_taxi_etl']) retrieved from /opt/airflow/dags/nyc_taxi_etl.py
[2024-08-01T14:33:57.872+0000] {logging_mixin.py:149} INFO - [2024-08-01T14:33:57.872+0000] {dag.py:2726} INFO - Sync 1 DAGs
[2024-08-01T14:33:57.903+0000] {logging_mixin.py:149} INFO - [2024-08-01T14:33:57.903+0000] {dag.py:3490} INFO - Setting next_dagrun for nyc_taxi_etl to 2023-01-06T00:00:00+00:00, run_after=2023-01-07T00:00:00+00:00
[2024-08-01T14:33:57.929+0000] {processor.py:179} INFO - Processing /opt/airflow/dags/nyc_taxi_etl.py took 2.124 seconds
[2024-08-01T14:34:28.366+0000] {processor.py:157} INFO - Started process (PID=434) to work on /opt/airflow/dags/nyc_taxi_etl.py
[2024-08-01T14:34:28.374+0000] {processor.py:826} INFO - Processing file /opt/airflow/dags/nyc_taxi_etl.py for tasks to queue
[2024-08-01T14:34:28.376+0000] {logging_mixin.py:149} INFO - [2024-08-01T14:34:28.376+0000] {dagbag.py:541} INFO - Filling up the DagBag from /opt/airflow/dags/nyc_taxi_etl.py
[2024-08-01T14:34:29.454+0000] {processor.py:836} INFO - DAG(s) dict_keys(['nyc_taxi_etl']) retrieved from /opt/airflow/dags/nyc_taxi_etl.py
[2024-08-01T14:34:29.487+0000] {logging_mixin.py:149} INFO - [2024-08-01T14:34:29.487+0000] {dag.py:2726} INFO - Sync 1 DAGs
[2024-08-01T14:34:29.512+0000] {logging_mixin.py:149} INFO - [2024-08-01T14:34:29.511+0000] {dag.py:3490} INFO - Setting next_dagrun for nyc_taxi_etl to 2023-01-06T00:00:00+00:00, run_after=2023-01-07T00:00:00+00:00
[2024-08-01T14:34:29.528+0000] {processor.py:179} INFO - Processing /opt/airflow/dags/nyc_taxi_etl.py took 1.180 seconds
[2024-08-01T14:35:00.020+0000] {processor.py:157} INFO - Started process (PID=447) to work on /opt/airflow/dags/nyc_taxi_etl.py
[2024-08-01T14:35:00.024+0000] {processor.py:826} INFO - Processing file /opt/airflow/dags/nyc_taxi_etl.py for tasks to queue
[2024-08-01T14:35:00.026+0000] {logging_mixin.py:149} INFO - [2024-08-01T14:35:00.025+0000] {dagbag.py:541} INFO - Filling up the DagBag from /opt/airflow/dags/nyc_taxi_etl.py
[2024-08-01T14:35:01.370+0000] {processor.py:836} INFO - DAG(s) dict_keys(['nyc_taxi_etl']) retrieved from /opt/airflow/dags/nyc_taxi_etl.py
[2024-08-01T14:35:01.403+0000] {logging_mixin.py:149} INFO - [2024-08-01T14:35:01.403+0000] {dag.py:2726} INFO - Sync 1 DAGs
[2024-08-01T14:35:01.425+0000] {logging_mixin.py:149} INFO - [2024-08-01T14:35:01.425+0000] {dag.py:3490} INFO - Setting next_dagrun for nyc_taxi_etl to 2023-01-06T00:00:00+00:00, run_after=2023-01-07T00:00:00+00:00
[2024-08-01T14:35:01.440+0000] {processor.py:179} INFO - Processing /opt/airflow/dags/nyc_taxi_etl.py took 1.428 seconds
[2024-08-01T14:35:31.758+0000] {processor.py:157} INFO - Started process (PID=460) to work on /opt/airflow/dags/nyc_taxi_etl.py
[2024-08-01T14:35:31.761+0000] {processor.py:826} INFO - Processing file /opt/airflow/dags/nyc_taxi_etl.py for tasks to queue
[2024-08-01T14:35:31.762+0000] {logging_mixin.py:149} INFO - [2024-08-01T14:35:31.762+0000] {dagbag.py:541} INFO - Filling up the DagBag from /opt/airflow/dags/nyc_taxi_etl.py
[2024-08-01T14:35:32.568+0000] {processor.py:836} INFO - DAG(s) dict_keys(['nyc_taxi_etl']) retrieved from /opt/airflow/dags/nyc_taxi_etl.py
[2024-08-01T14:35:32.625+0000] {logging_mixin.py:149} INFO - [2024-08-01T14:35:32.625+0000] {dag.py:2726} INFO - Sync 1 DAGs
[2024-08-01T14:35:32.649+0000] {logging_mixin.py:149} INFO - [2024-08-01T14:35:32.649+0000] {dag.py:3490} INFO - Setting next_dagrun for nyc_taxi_etl to 2023-01-06T00:00:00+00:00, run_after=2023-01-07T00:00:00+00:00
[2024-08-01T14:35:32.674+0000] {processor.py:179} INFO - Processing /opt/airflow/dags/nyc_taxi_etl.py took 0.928 seconds
[2024-08-01T14:36:00.868+0000] {processor.py:157} INFO - Started process (PID=473) to work on /opt/airflow/dags/nyc_taxi_etl.py
[2024-08-01T14:36:00.871+0000] {processor.py:826} INFO - Processing file /opt/airflow/dags/nyc_taxi_etl.py for tasks to queue
[2024-08-01T14:36:00.872+0000] {logging_mixin.py:149} INFO - [2024-08-01T14:36:00.872+0000] {dagbag.py:541} INFO - Filling up the DagBag from /opt/airflow/dags/nyc_taxi_etl.py
[2024-08-01T14:36:01.695+0000] {processor.py:836} INFO - DAG(s) dict_keys(['nyc_taxi_etl']) retrieved from /opt/airflow/dags/nyc_taxi_etl.py
[2024-08-01T14:36:02.520+0000] {logging_mixin.py:149} INFO - [2024-08-01T14:36:02.519+0000] {dag.py:2726} INFO - Sync 1 DAGs
[2024-08-01T14:36:02.565+0000] {logging_mixin.py:149} INFO - [2024-08-01T14:36:02.564+0000] {dag.py:3490} INFO - Setting next_dagrun for nyc_taxi_etl to 2023-01-06T00:00:00+00:00, run_after=2023-01-07T00:00:00+00:00
[2024-08-01T14:36:02.599+0000] {processor.py:179} INFO - Processing /opt/airflow/dags/nyc_taxi_etl.py took 1.750 seconds
[2024-08-01T14:36:33.242+0000] {processor.py:157} INFO - Started process (PID=486) to work on /opt/airflow/dags/nyc_taxi_etl.py
[2024-08-01T14:36:33.247+0000] {processor.py:826} INFO - Processing file /opt/airflow/dags/nyc_taxi_etl.py for tasks to queue
[2024-08-01T14:36:33.249+0000] {logging_mixin.py:149} INFO - [2024-08-01T14:36:33.249+0000] {dagbag.py:541} INFO - Filling up the DagBag from /opt/airflow/dags/nyc_taxi_etl.py
[2024-08-01T14:36:35.887+0000] {processor.py:836} INFO - DAG(s) dict_keys(['nyc_taxi_etl']) retrieved from /opt/airflow/dags/nyc_taxi_etl.py
[2024-08-01T14:36:36.586+0000] {logging_mixin.py:149} INFO - [2024-08-01T14:36:36.585+0000] {dag.py:2726} INFO - Sync 1 DAGs
[2024-08-01T14:36:36.605+0000] {logging_mixin.py:149} INFO - [2024-08-01T14:36:36.604+0000] {dag.py:2747} INFO - Creating ORM DAG for nyc_taxi_etl
[2024-08-01T14:36:36.619+0000] {logging_mixin.py:149} INFO - [2024-08-01T14:36:36.619+0000] {dag.py:3490} INFO - Setting next_dagrun for nyc_taxi_etl to 2023-01-01T00:00:00+00:00, run_after=2023-01-02T00:00:00+00:00
[2024-08-01T14:36:36.644+0000] {processor.py:179} INFO - Processing /opt/airflow/dags/nyc_taxi_etl.py took 3.453 seconds
[2024-08-01T14:37:04.708+0000] {processor.py:157} INFO - Started process (PID=499) to work on /opt/airflow/dags/nyc_taxi_etl.py
[2024-08-01T14:37:04.711+0000] {processor.py:826} INFO - Processing file /opt/airflow/dags/nyc_taxi_etl.py for tasks to queue
[2024-08-01T14:37:04.714+0000] {logging_mixin.py:149} INFO - [2024-08-01T14:37:04.713+0000] {dagbag.py:541} INFO - Filling up the DagBag from /opt/airflow/dags/nyc_taxi_etl.py
[2024-08-01T14:37:05.512+0000] {processor.py:836} INFO - DAG(s) dict_keys(['nyc_taxi_etl']) retrieved from /opt/airflow/dags/nyc_taxi_etl.py
[2024-08-01T14:37:05.537+0000] {logging_mixin.py:149} INFO - [2024-08-01T14:37:05.536+0000] {dag.py:2726} INFO - Sync 1 DAGs
[2024-08-01T14:37:05.846+0000] {logging_mixin.py:149} INFO - [2024-08-01T14:37:05.846+0000] {dag.py:3490} INFO - Setting next_dagrun for nyc_taxi_etl to 2023-01-01T00:00:00+00:00, run_after=2023-01-02T00:00:00+00:00
[2024-08-01T14:37:05.875+0000] {processor.py:179} INFO - Processing /opt/airflow/dags/nyc_taxi_etl.py took 1.177 seconds
[2024-08-01T14:37:36.443+0000] {processor.py:157} INFO - Started process (PID=527) to work on /opt/airflow/dags/nyc_taxi_etl.py
[2024-08-01T14:37:36.448+0000] {processor.py:826} INFO - Processing file /opt/airflow/dags/nyc_taxi_etl.py for tasks to queue
[2024-08-01T14:37:36.451+0000] {logging_mixin.py:149} INFO - [2024-08-01T14:37:36.451+0000] {dagbag.py:541} INFO - Filling up the DagBag from /opt/airflow/dags/nyc_taxi_etl.py
[2024-08-01T14:37:37.840+0000] {processor.py:836} INFO - DAG(s) dict_keys(['nyc_taxi_etl']) retrieved from /opt/airflow/dags/nyc_taxi_etl.py
[2024-08-01T14:37:38.009+0000] {logging_mixin.py:149} INFO - [2024-08-01T14:37:38.009+0000] {dag.py:2726} INFO - Sync 1 DAGs
[2024-08-01T14:37:38.054+0000] {logging_mixin.py:149} INFO - [2024-08-01T14:37:38.054+0000] {dag.py:3490} INFO - Setting next_dagrun for nyc_taxi_etl to 2023-01-02T00:00:00+00:00, run_after=2023-01-03T00:00:00+00:00
[2024-08-01T14:37:38.109+0000] {processor.py:179} INFO - Processing /opt/airflow/dags/nyc_taxi_etl.py took 1.678 seconds
[2024-08-01T14:38:08.729+0000] {processor.py:157} INFO - Started process (PID=613) to work on /opt/airflow/dags/nyc_taxi_etl.py
[2024-08-01T14:38:08.731+0000] {processor.py:826} INFO - Processing file /opt/airflow/dags/nyc_taxi_etl.py for tasks to queue
[2024-08-01T14:38:08.732+0000] {logging_mixin.py:149} INFO - [2024-08-01T14:38:08.731+0000] {dagbag.py:541} INFO - Filling up the DagBag from /opt/airflow/dags/nyc_taxi_etl.py
[2024-08-01T14:38:11.701+0000] {processor.py:836} INFO - DAG(s) dict_keys(['nyc_taxi_etl']) retrieved from /opt/airflow/dags/nyc_taxi_etl.py
[2024-08-01T14:38:11.873+0000] {logging_mixin.py:149} INFO - [2024-08-01T14:38:11.873+0000] {dag.py:2726} INFO - Sync 1 DAGs
[2024-08-01T14:38:11.910+0000] {logging_mixin.py:149} INFO - [2024-08-01T14:38:11.910+0000] {dag.py:3490} INFO - Setting next_dagrun for nyc_taxi_etl to 2023-01-03T00:00:00+00:00, run_after=2023-01-04T00:00:00+00:00
[2024-08-01T14:38:11.951+0000] {processor.py:179} INFO - Processing /opt/airflow/dags/nyc_taxi_etl.py took 3.229 seconds
[2024-08-01T14:38:42.710+0000] {processor.py:157} INFO - Started process (PID=662) to work on /opt/airflow/dags/nyc_taxi_etl.py
[2024-08-01T14:38:42.713+0000] {processor.py:826} INFO - Processing file /opt/airflow/dags/nyc_taxi_etl.py for tasks to queue
[2024-08-01T14:38:42.719+0000] {logging_mixin.py:149} INFO - [2024-08-01T14:38:42.718+0000] {dagbag.py:541} INFO - Filling up the DagBag from /opt/airflow/dags/nyc_taxi_etl.py
[2024-08-01T14:38:46.214+0000] {processor.py:836} INFO - DAG(s) dict_keys(['nyc_taxi_etl']) retrieved from /opt/airflow/dags/nyc_taxi_etl.py
[2024-08-01T14:38:46.737+0000] {logging_mixin.py:149} INFO - [2024-08-01T14:38:46.735+0000] {dag.py:2726} INFO - Sync 1 DAGs
[2024-08-01T14:38:46.832+0000] {logging_mixin.py:149} INFO - [2024-08-01T14:38:46.832+0000] {dag.py:3490} INFO - Setting next_dagrun for nyc_taxi_etl to 2023-01-03T00:00:00+00:00, run_after=2023-01-04T00:00:00+00:00
[2024-08-01T14:38:46.891+0000] {processor.py:179} INFO - Processing /opt/airflow/dags/nyc_taxi_etl.py took 4.206 seconds
[2024-08-01T14:39:17.665+0000] {processor.py:157} INFO - Started process (PID=679) to work on /opt/airflow/dags/nyc_taxi_etl.py
[2024-08-01T14:39:17.671+0000] {processor.py:826} INFO - Processing file /opt/airflow/dags/nyc_taxi_etl.py for tasks to queue
[2024-08-01T14:39:17.675+0000] {logging_mixin.py:149} INFO - [2024-08-01T14:39:17.675+0000] {dagbag.py:541} INFO - Filling up the DagBag from /opt/airflow/dags/nyc_taxi_etl.py
[2024-08-01T14:39:18.843+0000] {processor.py:836} INFO - DAG(s) dict_keys(['nyc_taxi_etl']) retrieved from /opt/airflow/dags/nyc_taxi_etl.py
[2024-08-01T14:39:19.589+0000] {logging_mixin.py:149} INFO - [2024-08-01T14:39:19.589+0000] {dag.py:2726} INFO - Sync 1 DAGs
[2024-08-01T14:39:19.649+0000] {logging_mixin.py:149} INFO - [2024-08-01T14:39:19.649+0000] {dag.py:3490} INFO - Setting next_dagrun for nyc_taxi_etl to 2023-01-03T00:00:00+00:00, run_after=2023-01-04T00:00:00+00:00
[2024-08-01T14:39:19.698+0000] {processor.py:179} INFO - Processing /opt/airflow/dags/nyc_taxi_etl.py took 2.053 seconds
[2024-08-01T14:39:50.260+0000] {processor.py:157} INFO - Started process (PID=705) to work on /opt/airflow/dags/nyc_taxi_etl.py
[2024-08-01T14:39:50.263+0000] {processor.py:826} INFO - Processing file /opt/airflow/dags/nyc_taxi_etl.py for tasks to queue
[2024-08-01T14:39:50.265+0000] {logging_mixin.py:149} INFO - [2024-08-01T14:39:50.264+0000] {dagbag.py:541} INFO - Filling up the DagBag from /opt/airflow/dags/nyc_taxi_etl.py
[2024-08-01T14:39:52.474+0000] {processor.py:836} INFO - DAG(s) dict_keys(['nyc_taxi_etl']) retrieved from /opt/airflow/dags/nyc_taxi_etl.py
[2024-08-01T14:39:53.428+0000] {logging_mixin.py:149} INFO - [2024-08-01T14:39:53.427+0000] {dag.py:2726} INFO - Sync 1 DAGs
[2024-08-01T14:39:53.466+0000] {logging_mixin.py:149} INFO - [2024-08-01T14:39:53.466+0000] {dag.py:3490} INFO - Setting next_dagrun for nyc_taxi_etl to 2023-01-03T00:00:00+00:00, run_after=2023-01-04T00:00:00+00:00
[2024-08-01T14:39:53.489+0000] {processor.py:179} INFO - Processing /opt/airflow/dags/nyc_taxi_etl.py took 3.246 seconds
[2024-08-01T14:40:24.353+0000] {processor.py:157} INFO - Started process (PID=766) to work on /opt/airflow/dags/nyc_taxi_etl.py
[2024-08-01T14:40:24.359+0000] {processor.py:826} INFO - Processing file /opt/airflow/dags/nyc_taxi_etl.py for tasks to queue
[2024-08-01T14:40:24.366+0000] {logging_mixin.py:149} INFO - [2024-08-01T14:40:24.365+0000] {dagbag.py:541} INFO - Filling up the DagBag from /opt/airflow/dags/nyc_taxi_etl.py
[2024-08-01T14:40:25.829+0000] {processor.py:836} INFO - DAG(s) dict_keys(['nyc_taxi_etl']) retrieved from /opt/airflow/dags/nyc_taxi_etl.py
[2024-08-01T14:40:26.156+0000] {logging_mixin.py:149} INFO - [2024-08-01T14:40:26.155+0000] {dag.py:2726} INFO - Sync 1 DAGs
[2024-08-01T14:40:26.180+0000] {logging_mixin.py:149} INFO - [2024-08-01T14:40:26.180+0000] {dag.py:3490} INFO - Setting next_dagrun for nyc_taxi_etl to 2023-01-04T00:00:00+00:00, run_after=2023-01-05T00:00:00+00:00
[2024-08-01T14:40:26.198+0000] {processor.py:179} INFO - Processing /opt/airflow/dags/nyc_taxi_etl.py took 1.885 seconds
[2024-08-01T14:40:56.815+0000] {processor.py:157} INFO - Started process (PID=784) to work on /opt/airflow/dags/nyc_taxi_etl.py
[2024-08-01T14:40:56.817+0000] {processor.py:826} INFO - Processing file /opt/airflow/dags/nyc_taxi_etl.py for tasks to queue
[2024-08-01T14:40:56.818+0000] {logging_mixin.py:149} INFO - [2024-08-01T14:40:56.818+0000] {dagbag.py:541} INFO - Filling up the DagBag from /opt/airflow/dags/nyc_taxi_etl.py
[2024-08-01T14:40:57.938+0000] {processor.py:836} INFO - DAG(s) dict_keys(['nyc_taxi_etl']) retrieved from /opt/airflow/dags/nyc_taxi_etl.py
[2024-08-01T14:40:58.000+0000] {logging_mixin.py:149} INFO - [2024-08-01T14:40:57.999+0000] {dag.py:2726} INFO - Sync 1 DAGs
[2024-08-01T14:40:58.024+0000] {logging_mixin.py:149} INFO - [2024-08-01T14:40:58.023+0000] {dag.py:3490} INFO - Setting next_dagrun for nyc_taxi_etl to 2023-01-04T00:00:00+00:00, run_after=2023-01-05T00:00:00+00:00
[2024-08-01T14:40:58.040+0000] {processor.py:179} INFO - Processing /opt/airflow/dags/nyc_taxi_etl.py took 1.234 seconds
[2024-08-01T14:41:28.763+0000] {processor.py:157} INFO - Started process (PID=825) to work on /opt/airflow/dags/nyc_taxi_etl.py
[2024-08-01T14:41:28.767+0000] {processor.py:826} INFO - Processing file /opt/airflow/dags/nyc_taxi_etl.py for tasks to queue
[2024-08-01T14:41:28.770+0000] {logging_mixin.py:149} INFO - [2024-08-01T14:41:28.769+0000] {dagbag.py:541} INFO - Filling up the DagBag from /opt/airflow/dags/nyc_taxi_etl.py
[2024-08-01T14:41:33.937+0000] {processor.py:836} INFO - DAG(s) dict_keys(['nyc_taxi_etl']) retrieved from /opt/airflow/dags/nyc_taxi_etl.py
[2024-08-01T14:41:34.264+0000] {logging_mixin.py:149} INFO - [2024-08-01T14:41:34.263+0000] {dag.py:2726} INFO - Sync 1 DAGs
[2024-08-01T14:41:34.318+0000] {logging_mixin.py:149} INFO - [2024-08-01T14:41:34.317+0000] {dag.py:3490} INFO - Setting next_dagrun for nyc_taxi_etl to 2023-01-04T00:00:00+00:00, run_after=2023-01-05T00:00:00+00:00
[2024-08-01T14:41:34.364+0000] {processor.py:179} INFO - Processing /opt/airflow/dags/nyc_taxi_etl.py took 5.630 seconds
[2024-08-01T14:42:05.482+0000] {processor.py:157} INFO - Started process (PID=884) to work on /opt/airflow/dags/nyc_taxi_etl.py
[2024-08-01T14:42:05.499+0000] {processor.py:826} INFO - Processing file /opt/airflow/dags/nyc_taxi_etl.py for tasks to queue
[2024-08-01T14:42:05.504+0000] {logging_mixin.py:149} INFO - [2024-08-01T14:42:05.503+0000] {dagbag.py:541} INFO - Filling up the DagBag from /opt/airflow/dags/nyc_taxi_etl.py
[2024-08-01T14:42:07.881+0000] {processor.py:836} INFO - DAG(s) dict_keys(['nyc_taxi_etl']) retrieved from /opt/airflow/dags/nyc_taxi_etl.py
[2024-08-01T14:42:09.087+0000] {logging_mixin.py:149} INFO - [2024-08-01T14:42:09.086+0000] {dag.py:2726} INFO - Sync 1 DAGs
[2024-08-01T14:42:09.159+0000] {logging_mixin.py:149} INFO - [2024-08-01T14:42:09.159+0000] {dag.py:3490} INFO - Setting next_dagrun for nyc_taxi_etl to 2023-01-04T00:00:00+00:00, run_after=2023-01-05T00:00:00+00:00
[2024-08-01T14:42:09.233+0000] {processor.py:179} INFO - Processing /opt/airflow/dags/nyc_taxi_etl.py took 3.832 seconds
[2024-08-01T14:42:39.610+0000] {processor.py:157} INFO - Started process (PID=937) to work on /opt/airflow/dags/nyc_taxi_etl.py
[2024-08-01T14:42:39.614+0000] {processor.py:826} INFO - Processing file /opt/airflow/dags/nyc_taxi_etl.py for tasks to queue
[2024-08-01T14:42:39.617+0000] {logging_mixin.py:149} INFO - [2024-08-01T14:42:39.617+0000] {dagbag.py:541} INFO - Filling up the DagBag from /opt/airflow/dags/nyc_taxi_etl.py
[2024-08-01T14:42:41.833+0000] {processor.py:836} INFO - DAG(s) dict_keys(['nyc_taxi_etl']) retrieved from /opt/airflow/dags/nyc_taxi_etl.py
[2024-08-01T14:42:42.692+0000] {logging_mixin.py:149} INFO - [2024-08-01T14:42:42.690+0000] {dag.py:2726} INFO - Sync 1 DAGs
[2024-08-01T14:42:42.766+0000] {logging_mixin.py:149} INFO - [2024-08-01T14:42:42.765+0000] {dag.py:3490} INFO - Setting next_dagrun for nyc_taxi_etl to 2023-01-05T00:00:00+00:00, run_after=2023-01-06T00:00:00+00:00
[2024-08-01T14:42:42.858+0000] {processor.py:179} INFO - Processing /opt/airflow/dags/nyc_taxi_etl.py took 3.268 seconds
[2024-08-01T14:43:13.267+0000] {processor.py:157} INFO - Started process (PID=963) to work on /opt/airflow/dags/nyc_taxi_etl.py
[2024-08-01T14:43:13.272+0000] {processor.py:826} INFO - Processing file /opt/airflow/dags/nyc_taxi_etl.py for tasks to queue
[2024-08-01T14:43:13.276+0000] {logging_mixin.py:149} INFO - [2024-08-01T14:43:13.275+0000] {dagbag.py:541} INFO - Filling up the DagBag from /opt/airflow/dags/nyc_taxi_etl.py
[2024-08-01T14:43:19.024+0000] {processor.py:836} INFO - DAG(s) dict_keys(['nyc_taxi_etl']) retrieved from /opt/airflow/dags/nyc_taxi_etl.py
[2024-08-01T14:43:23.946+0000] {logging_mixin.py:149} INFO - [2024-08-01T14:43:23.931+0000] {dag.py:2726} INFO - Sync 1 DAGs
[2024-08-01T14:43:24.141+0000] {logging_mixin.py:149} INFO - [2024-08-01T14:43:24.139+0000] {dag.py:3490} INFO - Setting next_dagrun for nyc_taxi_etl to 2023-01-05T00:00:00+00:00, run_after=2023-01-06T00:00:00+00:00
[2024-08-01T14:43:24.292+0000] {processor.py:179} INFO - Processing /opt/airflow/dags/nyc_taxi_etl.py took 11.101 seconds
[2024-08-01T14:43:56.238+0000] {processor.py:157} INFO - Started process (PID=976) to work on /opt/airflow/dags/nyc_taxi_etl.py
[2024-08-01T14:43:56.320+0000] {processor.py:826} INFO - Processing file /opt/airflow/dags/nyc_taxi_etl.py for tasks to queue
[2024-08-01T14:43:56.374+0000] {logging_mixin.py:149} INFO - [2024-08-01T14:43:56.365+0000] {dagbag.py:541} INFO - Filling up the DagBag from /opt/airflow/dags/nyc_taxi_etl.py
[2024-08-01T14:44:13.519+0000] {processor.py:836} INFO - DAG(s) dict_keys(['nyc_taxi_etl']) retrieved from /opt/airflow/dags/nyc_taxi_etl.py
[2024-08-01T14:44:14.275+0000] {logging_mixin.py:149} INFO - [2024-08-01T14:44:14.264+0000] {dag.py:2726} INFO - Sync 1 DAGs
[2024-08-01T14:44:15.155+0000] {logging_mixin.py:149} INFO - [2024-08-01T14:44:15.139+0000] {dag.py:3490} INFO - Setting next_dagrun for nyc_taxi_etl to 2023-01-05T00:00:00+00:00, run_after=2023-01-06T00:00:00+00:00
[2024-08-01T14:44:15.640+0000] {processor.py:179} INFO - Processing /opt/airflow/dags/nyc_taxi_etl.py took 19.757 seconds
[2024-08-01T14:44:48.976+0000] {processor.py:157} INFO - Started process (PID=1017) to work on /opt/airflow/dags/nyc_taxi_etl.py
[2024-08-01T14:44:49.049+0000] {processor.py:826} INFO - Processing file /opt/airflow/dags/nyc_taxi_etl.py for tasks to queue
[2024-08-01T14:44:49.082+0000] {logging_mixin.py:149} INFO - [2024-08-01T14:44:49.077+0000] {dagbag.py:541} INFO - Filling up the DagBag from /opt/airflow/dags/nyc_taxi_etl.py
[2024-08-01T14:45:07.391+0000] {processor.py:836} INFO - DAG(s) dict_keys(['nyc_taxi_etl']) retrieved from /opt/airflow/dags/nyc_taxi_etl.py
[2024-08-01T14:45:08.538+0000] {logging_mixin.py:149} INFO - [2024-08-01T14:45:08.529+0000] {dag.py:2726} INFO - Sync 1 DAGs
[2024-08-01T14:45:08.705+0000] {logging_mixin.py:149} INFO - [2024-08-01T14:45:08.704+0000] {dag.py:3490} INFO - Setting next_dagrun for nyc_taxi_etl to 2023-01-05T00:00:00+00:00, run_after=2023-01-06T00:00:00+00:00
[2024-08-01T14:45:08.777+0000] {processor.py:179} INFO - Processing /opt/airflow/dags/nyc_taxi_etl.py took 20.012 seconds
[2024-08-01T14:45:39.356+0000] {processor.py:157} INFO - Started process (PID=1039) to work on /opt/airflow/dags/nyc_taxi_etl.py
[2024-08-01T14:45:39.374+0000] {processor.py:826} INFO - Processing file /opt/airflow/dags/nyc_taxi_etl.py for tasks to queue
[2024-08-01T14:45:39.417+0000] {logging_mixin.py:149} INFO - [2024-08-01T14:45:39.415+0000] {dagbag.py:541} INFO - Filling up the DagBag from /opt/airflow/dags/nyc_taxi_etl.py
[2024-08-01T14:45:47.747+0000] {processor.py:836} INFO - DAG(s) dict_keys(['nyc_taxi_etl']) retrieved from /opt/airflow/dags/nyc_taxi_etl.py
[2024-08-01T14:45:48.839+0000] {logging_mixin.py:149} INFO - [2024-08-01T14:45:48.838+0000] {dag.py:2726} INFO - Sync 1 DAGs
[2024-08-01T14:45:48.886+0000] {logging_mixin.py:149} INFO - [2024-08-01T14:45:48.886+0000] {dag.py:3490} INFO - Setting next_dagrun for nyc_taxi_etl to 2023-01-05T00:00:00+00:00, run_after=2023-01-06T00:00:00+00:00
[2024-08-01T14:45:48.911+0000] {processor.py:179} INFO - Processing /opt/airflow/dags/nyc_taxi_etl.py took 9.642 seconds
[2024-08-01T14:46:19.077+0000] {processor.py:157} INFO - Started process (PID=1069) to work on /opt/airflow/dags/nyc_taxi_etl.py
[2024-08-01T14:46:19.080+0000] {processor.py:826} INFO - Processing file /opt/airflow/dags/nyc_taxi_etl.py for tasks to queue
[2024-08-01T14:46:19.082+0000] {logging_mixin.py:149} INFO - [2024-08-01T14:46:19.082+0000] {dagbag.py:541} INFO - Filling up the DagBag from /opt/airflow/dags/nyc_taxi_etl.py
[2024-08-01T14:46:20.572+0000] {processor.py:836} INFO - DAG(s) dict_keys(['nyc_taxi_etl']) retrieved from /opt/airflow/dags/nyc_taxi_etl.py
[2024-08-01T14:46:21.306+0000] {logging_mixin.py:149} INFO - [2024-08-01T14:46:21.305+0000] {dag.py:2726} INFO - Sync 1 DAGs
[2024-08-01T14:46:21.337+0000] {logging_mixin.py:149} INFO - [2024-08-01T14:46:21.337+0000] {dag.py:3490} INFO - Setting next_dagrun for nyc_taxi_etl to 2023-01-05T00:00:00+00:00, run_after=2023-01-06T00:00:00+00:00
[2024-08-01T14:46:21.366+0000] {processor.py:179} INFO - Processing /opt/airflow/dags/nyc_taxi_etl.py took 2.301 seconds
[2024-08-01T14:46:52.161+0000] {processor.py:157} INFO - Started process (PID=1082) to work on /opt/airflow/dags/nyc_taxi_etl.py
[2024-08-01T14:46:52.171+0000] {processor.py:826} INFO - Processing file /opt/airflow/dags/nyc_taxi_etl.py for tasks to queue
[2024-08-01T14:46:52.178+0000] {logging_mixin.py:149} INFO - [2024-08-01T14:46:52.177+0000] {dagbag.py:541} INFO - Filling up the DagBag from /opt/airflow/dags/nyc_taxi_etl.py
[2024-08-01T14:46:53.168+0000] {processor.py:836} INFO - DAG(s) dict_keys(['nyc_taxi_etl']) retrieved from /opt/airflow/dags/nyc_taxi_etl.py
[2024-08-01T14:46:53.526+0000] {logging_mixin.py:149} INFO - [2024-08-01T14:46:53.525+0000] {dag.py:2726} INFO - Sync 1 DAGs
[2024-08-01T14:46:53.560+0000] {logging_mixin.py:149} INFO - [2024-08-01T14:46:53.560+0000] {dag.py:3490} INFO - Setting next_dagrun for nyc_taxi_etl to 2023-01-05T00:00:00+00:00, run_after=2023-01-06T00:00:00+00:00
[2024-08-01T14:46:53.616+0000] {processor.py:179} INFO - Processing /opt/airflow/dags/nyc_taxi_etl.py took 1.476 seconds
[2024-08-01T14:47:24.282+0000] {processor.py:157} INFO - Started process (PID=1095) to work on /opt/airflow/dags/nyc_taxi_etl.py
[2024-08-01T14:47:24.284+0000] {processor.py:826} INFO - Processing file /opt/airflow/dags/nyc_taxi_etl.py for tasks to queue
[2024-08-01T14:47:24.285+0000] {logging_mixin.py:149} INFO - [2024-08-01T14:47:24.285+0000] {dagbag.py:541} INFO - Filling up the DagBag from /opt/airflow/dags/nyc_taxi_etl.py
[2024-08-01T14:47:28.702+0000] {processor.py:836} INFO - DAG(s) dict_keys(['nyc_taxi_etl']) retrieved from /opt/airflow/dags/nyc_taxi_etl.py
[2024-08-01T14:47:29.453+0000] {logging_mixin.py:149} INFO - [2024-08-01T14:47:29.450+0000] {dag.py:2726} INFO - Sync 1 DAGs
[2024-08-01T14:47:29.527+0000] {logging_mixin.py:149} INFO - [2024-08-01T14:47:29.527+0000] {dag.py:3490} INFO - Setting next_dagrun for nyc_taxi_etl to 2023-01-05T00:00:00+00:00, run_after=2023-01-06T00:00:00+00:00
[2024-08-01T14:47:29.579+0000] {processor.py:179} INFO - Processing /opt/airflow/dags/nyc_taxi_etl.py took 5.305 seconds
[2024-08-01T14:48:00.444+0000] {processor.py:157} INFO - Started process (PID=1125) to work on /opt/airflow/dags/nyc_taxi_etl.py
[2024-08-01T14:48:00.447+0000] {processor.py:826} INFO - Processing file /opt/airflow/dags/nyc_taxi_etl.py for tasks to queue
[2024-08-01T14:48:00.450+0000] {logging_mixin.py:149} INFO - [2024-08-01T14:48:00.450+0000] {dagbag.py:541} INFO - Filling up the DagBag from /opt/airflow/dags/nyc_taxi_etl.py
[2024-08-01T14:48:02.128+0000] {processor.py:836} INFO - DAG(s) dict_keys(['nyc_taxi_etl']) retrieved from /opt/airflow/dags/nyc_taxi_etl.py
[2024-08-01T14:48:02.230+0000] {logging_mixin.py:149} INFO - [2024-08-01T14:48:02.229+0000] {dag.py:2726} INFO - Sync 1 DAGs
[2024-08-01T14:48:02.256+0000] {logging_mixin.py:149} INFO - [2024-08-01T14:48:02.256+0000] {dag.py:3490} INFO - Setting next_dagrun for nyc_taxi_etl to 2023-01-05T00:00:00+00:00, run_after=2023-01-06T00:00:00+00:00
[2024-08-01T14:48:02.279+0000] {processor.py:179} INFO - Processing /opt/airflow/dags/nyc_taxi_etl.py took 1.852 seconds
[2024-08-01T14:48:32.898+0000] {processor.py:157} INFO - Started process (PID=1138) to work on /opt/airflow/dags/nyc_taxi_etl.py
[2024-08-01T14:48:32.900+0000] {processor.py:826} INFO - Processing file /opt/airflow/dags/nyc_taxi_etl.py for tasks to queue
[2024-08-01T14:48:32.901+0000] {logging_mixin.py:149} INFO - [2024-08-01T14:48:32.901+0000] {dagbag.py:541} INFO - Filling up the DagBag from /opt/airflow/dags/nyc_taxi_etl.py
[2024-08-01T14:48:33.667+0000] {processor.py:836} INFO - DAG(s) dict_keys(['nyc_taxi_etl']) retrieved from /opt/airflow/dags/nyc_taxi_etl.py
[2024-08-01T14:48:34.272+0000] {logging_mixin.py:149} INFO - [2024-08-01T14:48:34.271+0000] {dag.py:2726} INFO - Sync 1 DAGs
[2024-08-01T14:48:34.331+0000] {logging_mixin.py:149} INFO - [2024-08-01T14:48:34.331+0000] {dag.py:3490} INFO - Setting next_dagrun for nyc_taxi_etl to 2023-01-05T00:00:00+00:00, run_after=2023-01-06T00:00:00+00:00
[2024-08-01T14:48:34.379+0000] {processor.py:179} INFO - Processing /opt/airflow/dags/nyc_taxi_etl.py took 1.486 seconds
[2024-08-01T14:49:04.778+0000] {processor.py:157} INFO - Started process (PID=1151) to work on /opt/airflow/dags/nyc_taxi_etl.py
[2024-08-01T14:49:04.784+0000] {processor.py:826} INFO - Processing file /opt/airflow/dags/nyc_taxi_etl.py for tasks to queue
[2024-08-01T14:49:04.790+0000] {logging_mixin.py:149} INFO - [2024-08-01T14:49:04.789+0000] {dagbag.py:541} INFO - Filling up the DagBag from /opt/airflow/dags/nyc_taxi_etl.py
[2024-08-01T14:49:05.973+0000] {processor.py:836} INFO - DAG(s) dict_keys(['nyc_taxi_etl']) retrieved from /opt/airflow/dags/nyc_taxi_etl.py
[2024-08-01T14:49:06.077+0000] {logging_mixin.py:149} INFO - [2024-08-01T14:49:06.077+0000] {dag.py:2726} INFO - Sync 1 DAGs
[2024-08-01T14:49:06.141+0000] {logging_mixin.py:149} INFO - [2024-08-01T14:49:06.141+0000] {dag.py:3490} INFO - Setting next_dagrun for nyc_taxi_etl to 2023-01-05T00:00:00+00:00, run_after=2023-01-06T00:00:00+00:00
[2024-08-01T14:49:06.174+0000] {processor.py:179} INFO - Processing /opt/airflow/dags/nyc_taxi_etl.py took 1.412 seconds
[2024-08-01T14:49:37.136+0000] {processor.py:157} INFO - Started process (PID=1165) to work on /opt/airflow/dags/nyc_taxi_etl.py
[2024-08-01T14:49:37.142+0000] {processor.py:826} INFO - Processing file /opt/airflow/dags/nyc_taxi_etl.py for tasks to queue
[2024-08-01T14:49:37.146+0000] {logging_mixin.py:149} INFO - [2024-08-01T14:49:37.145+0000] {dagbag.py:541} INFO - Filling up the DagBag from /opt/airflow/dags/nyc_taxi_etl.py
[2024-08-01T14:49:43.514+0000] {processor.py:836} INFO - DAG(s) dict_keys(['nyc_taxi_etl']) retrieved from /opt/airflow/dags/nyc_taxi_etl.py
[2024-08-01T14:49:46.789+0000] {logging_mixin.py:149} WARNING - Exception ignored in: <function _collection_gced at 0xffff8b6255f0>
[2024-08-01T14:49:46.793+0000] {logging_mixin.py:149} WARNING - Traceback (most recent call last):
[2024-08-01T14:49:46.793+0000] {logging_mixin.py:149} WARNING -   File "/home/airflow/.local/lib/python3.7/site-packages/sqlalchemy/event/registry.py", line 53, in _collection_gced
[2024-08-01T14:49:46.796+0000] {logging_mixin.py:149} WARNING -     def _collection_gced(ref):
[2024-08-01T14:49:46.797+0000] {logging_mixin.py:149} WARNING -   File "/home/airflow/.local/lib/python3.7/site-packages/airflow/dag_processing/manager.py", line 475, in _exit_gracefully
[2024-08-01T14:49:46.797+0000] {logging_mixin.py:149} WARNING -     sys.exit(os.EX_OK)
[2024-08-01T14:49:46.797+0000] {logging_mixin.py:149} WARNING - SystemExit: 0
[2024-08-01T14:49:47.140+0000] {logging_mixin.py:149} INFO - [2024-08-01T14:49:47.138+0000] {dag.py:2726} INFO - Sync 1 DAGs
[2024-08-01T14:49:47.319+0000] {logging_mixin.py:149} INFO - [2024-08-01T14:49:47.318+0000] {dag.py:3490} INFO - Setting next_dagrun for nyc_taxi_etl to 2023-01-05T00:00:00+00:00, run_after=2023-01-06T00:00:00+00:00
[2024-08-01T14:49:47.413+0000] {processor.py:179} INFO - Processing /opt/airflow/dags/nyc_taxi_etl.py took 10.360 seconds
