[2024-08-01T19:06:54.075+0000] {logging_mixin.py:149} WARNING - /home/***/.local/lib/python3.7/site-packages/***/utils/sqlalchemy.py:124 DeprecationWarning: The sql_alchemy_conn option in [core] has been moved to the sql_alchemy_conn option in [database] - the old setting has been used, but please update your config.
[2024-08-01T19:06:54.148+0000] {taskinstance.py:1103} INFO - Dependencies all met for dep_context=non-requeueable deps ti=<TaskInstance: nyc_taxi_etl_continuous.process_month scheduled__2023-03-03T00:00:00+00:00 [queued]>
[2024-08-01T19:06:54.158+0000] {taskinstance.py:1103} INFO - Dependencies all met for dep_context=requeueable deps ti=<TaskInstance: nyc_taxi_etl_continuous.process_month scheduled__2023-03-03T00:00:00+00:00 [queued]>
[2024-08-01T19:06:54.159+0000] {taskinstance.py:1308} INFO - Starting attempt 1 of 2
[2024-08-01T19:06:54.170+0000] {taskinstance.py:1327} INFO - Executing <Task(PythonOperator): process_month> on 2023-03-03 00:00:00+00:00
[2024-08-01T19:06:54.177+0000] {standard_task_runner.py:57} INFO - Started process 2559 to run task
[2024-08-01T19:06:54.180+0000] {standard_task_runner.py:84} INFO - Running: ['***', 'tasks', 'run', 'nyc_taxi_etl_continuous', 'process_month', 'scheduled__2023-03-03T00:00:00+00:00', '--job-id', '36', '--raw', '--subdir', 'DAGS_FOLDER/nyc_taxi_etl.py', '--cfg-path', '/tmp/tmpdx38a0q3']
[2024-08-01T19:06:54.181+0000] {standard_task_runner.py:85} INFO - Job 36: Subtask process_month
[2024-08-01T19:06:54.198+0000] {logging_mixin.py:149} WARNING - /home/***/.local/lib/python3.7/site-packages/***/settings.py:195 DeprecationWarning: The sql_alchemy_conn option in [core] has been moved to the sql_alchemy_conn option in [database] - the old setting has been used, but please update your config.
[2024-08-01T19:06:54.275+0000] {task_command.py:410} INFO - Running <TaskInstance: nyc_taxi_etl_continuous.process_month scheduled__2023-03-03T00:00:00+00:00 [running]> on host 6d66194ad4f7
[2024-08-01T19:06:54.288+0000] {logging_mixin.py:149} WARNING - /home/***/.local/lib/python3.7/site-packages/***/utils/sqlalchemy.py:124 DeprecationWarning: The sql_alchemy_conn option in [core] has been moved to the sql_alchemy_conn option in [database] - the old setting has been used, but please update your config.
[2024-08-01T19:06:54.580+0000] {taskinstance.py:1547} INFO - Exporting env vars: AIRFLOW_CTX_DAG_OWNER='***' AIRFLOW_CTX_DAG_ID='nyc_taxi_etl_continuous' AIRFLOW_CTX_TASK_ID='process_month' AIRFLOW_CTX_EXECUTION_DATE='2023-03-03T00:00:00+00:00' AIRFLOW_CTX_TRY_NUMBER='1' AIRFLOW_CTX_DAG_RUN_ID='scheduled__2023-03-03T00:00:00+00:00'
[2024-08-01T19:06:54.582+0000] {logging_mixin.py:149} WARNING - /home/***/.local/lib/python3.7/site-packages/***/utils/context.py:313 AirflowContextDeprecationWarning: Accessing 'execution_date' from the template is deprecated and will be removed in a future version. Please use 'data_interval_start' or 'logical_date' instead.
[2024-08-01T19:07:51.610+0000] {transform_data.py:10} INFO - Processing data for 2023-03
[2024-08-01T19:07:51.621+0000] {transform_data.py:11} INFO - Columns in the dataset: ['VendorID', 'tpep_pickup_datetime', 'tpep_dropoff_datetime', 'passenger_count', 'trip_distance', 'RatecodeID', 'store_and_fwd_flag', 'PULocationID', 'DOLocationID', 'payment_type', 'fare_amount', 'extra', 'mta_tax', 'tip_amount', 'tolls_amount', 'improvement_surcharge', 'total_amount', 'congestion_surcharge', 'Airport_fee']
[2024-08-01T19:08:08.973+0000] {transform_data.py:44} INFO - Cleaned data saved to data/cleaned_yellow_tripdata_2023_03.parquet
[2024-08-01T19:09:21.441+0000] {logging_mixin.py:149} INFO - Loaded cleaned data for 2023-03 to BigQuery
[2024-08-01T19:09:21.447+0000] {python.py:183} INFO - Done. Returned value was: None
[2024-08-01T19:09:21.557+0000] {taskinstance.py:1350} INFO - Marking task as SUCCESS. dag_id=nyc_taxi_etl_continuous, task_id=process_month, execution_date=20230303T000000, start_date=20240801T190654, end_date=20240801T190921
[2024-08-01T19:09:21.771+0000] {local_task_job_runner.py:225} INFO - Task exited with return code 0
[2024-08-01T19:09:21.854+0000] {taskinstance.py:2651} INFO - 0 downstream tasks scheduled from follow-on schedule check
