[2024-08-01T14:31:35.625+0000] {logging_mixin.py:149} WARNING - /home/***/.local/lib/python3.7/site-packages/***/utils/sqlalchemy.py:124 DeprecationWarning: The sql_alchemy_conn option in [core] has been moved to the sql_alchemy_conn option in [database] - the old setting has been used, but please update your config.
[2024-08-01T14:31:35.645+0000] {taskinstance.py:1103} INFO - Dependencies all met for dep_context=non-requeueable deps ti=<TaskInstance: nyc_taxi_etl.download_parquet scheduled__2023-01-02T00:00:00+00:00 [queued]>
[2024-08-01T14:31:35.658+0000] {taskinstance.py:1103} INFO - Dependencies all met for dep_context=requeueable deps ti=<TaskInstance: nyc_taxi_etl.download_parquet scheduled__2023-01-02T00:00:00+00:00 [queued]>
[2024-08-01T14:31:35.659+0000] {taskinstance.py:1308} INFO - Starting attempt 1 of 2
[2024-08-01T14:31:35.678+0000] {taskinstance.py:1327} INFO - Executing <Task(PythonOperator): download_parquet> on 2023-01-02 00:00:00+00:00
[2024-08-01T14:31:35.700+0000] {standard_task_runner.py:57} INFO - Started process 155 to run task
[2024-08-01T14:31:35.710+0000] {standard_task_runner.py:84} INFO - Running: ['***', 'tasks', 'run', 'nyc_taxi_etl', 'download_parquet', 'scheduled__2023-01-02T00:00:00+00:00', '--job-id', '4', '--raw', '--subdir', 'DAGS_FOLDER/nyc_taxi_etl.py', '--cfg-path', '/tmp/tmps0v2ygda']
[2024-08-01T14:31:35.714+0000] {standard_task_runner.py:85} INFO - Job 4: Subtask download_parquet
[2024-08-01T14:31:35.749+0000] {logging_mixin.py:149} WARNING - /home/***/.local/lib/python3.7/site-packages/***/settings.py:195 DeprecationWarning: The sql_alchemy_conn option in [core] has been moved to the sql_alchemy_conn option in [database] - the old setting has been used, but please update your config.
[2024-08-01T14:31:35.811+0000] {task_command.py:410} INFO - Running <TaskInstance: nyc_taxi_etl.download_parquet scheduled__2023-01-02T00:00:00+00:00 [running]> on host 31f8257a797f
[2024-08-01T14:31:35.835+0000] {logging_mixin.py:149} WARNING - /home/***/.local/lib/python3.7/site-packages/***/utils/sqlalchemy.py:124 DeprecationWarning: The sql_alchemy_conn option in [core] has been moved to the sql_alchemy_conn option in [database] - the old setting has been used, but please update your config.
[2024-08-01T14:31:36.529+0000] {taskinstance.py:1547} INFO - Exporting env vars: AIRFLOW_CTX_DAG_OWNER='***' AIRFLOW_CTX_DAG_ID='nyc_taxi_etl' AIRFLOW_CTX_TASK_ID='download_parquet' AIRFLOW_CTX_EXECUTION_DATE='2023-01-02T00:00:00+00:00' AIRFLOW_CTX_TRY_NUMBER='1' AIRFLOW_CTX_DAG_RUN_ID='scheduled__2023-01-02T00:00:00+00:00'
[2024-08-01T14:31:49.015+0000] {python.py:183} INFO - Done. Returned value was: None
[2024-08-01T14:31:49.076+0000] {taskinstance.py:1350} INFO - Marking task as SUCCESS. dag_id=nyc_taxi_etl, task_id=download_parquet, execution_date=20230102T000000, start_date=20240801T143135, end_date=20240801T143149
[2024-08-01T14:31:49.325+0000] {local_task_job_runner.py:225} INFO - Task exited with return code 0
[2024-08-01T14:31:49.697+0000] {taskinstance.py:2651} INFO - 1 downstream tasks scheduled from follow-on schedule check
[2024-08-01T14:38:08.067+0000] {logging_mixin.py:149} WARNING - /home/***/.local/lib/python3.7/site-packages/***/utils/sqlalchemy.py:124 DeprecationWarning: The sql_alchemy_conn option in [core] has been moved to the sql_alchemy_conn option in [database] - the old setting has been used, but please update your config.
[2024-08-01T14:38:08.077+0000] {taskinstance.py:1103} INFO - Dependencies all met for dep_context=non-requeueable deps ti=<TaskInstance: nyc_taxi_etl.download_parquet scheduled__2023-01-02T00:00:00+00:00 [queued]>
[2024-08-01T14:38:08.085+0000] {taskinstance.py:1103} INFO - Dependencies all met for dep_context=requeueable deps ti=<TaskInstance: nyc_taxi_etl.download_parquet scheduled__2023-01-02T00:00:00+00:00 [queued]>
[2024-08-01T14:38:08.086+0000] {taskinstance.py:1308} INFO - Starting attempt 1 of 2
[2024-08-01T14:38:08.100+0000] {taskinstance.py:1327} INFO - Executing <Task(PythonOperator): download_parquet> on 2023-01-02 00:00:00+00:00
[2024-08-01T14:38:08.109+0000] {standard_task_runner.py:57} INFO - Started process 612 to run task
[2024-08-01T14:38:08.114+0000] {standard_task_runner.py:84} INFO - Running: ['***', 'tasks', 'run', 'nyc_taxi_etl', 'download_parquet', 'scheduled__2023-01-02T00:00:00+00:00', '--job-id', '15', '--raw', '--subdir', 'DAGS_FOLDER/nyc_taxi_etl.py', '--cfg-path', '/tmp/tmp2skong1y']
[2024-08-01T14:38:08.115+0000] {standard_task_runner.py:85} INFO - Job 15: Subtask download_parquet
[2024-08-01T14:38:08.131+0000] {logging_mixin.py:149} WARNING - /home/***/.local/lib/python3.7/site-packages/***/settings.py:195 DeprecationWarning: The sql_alchemy_conn option in [core] has been moved to the sql_alchemy_conn option in [database] - the old setting has been used, but please update your config.
[2024-08-01T14:38:08.163+0000] {task_command.py:410} INFO - Running <TaskInstance: nyc_taxi_etl.download_parquet scheduled__2023-01-02T00:00:00+00:00 [running]> on host 31f8257a797f
[2024-08-01T14:38:08.176+0000] {logging_mixin.py:149} WARNING - /home/***/.local/lib/python3.7/site-packages/***/utils/sqlalchemy.py:124 DeprecationWarning: The sql_alchemy_conn option in [core] has been moved to the sql_alchemy_conn option in [database] - the old setting has been used, but please update your config.
[2024-08-01T14:38:08.401+0000] {taskinstance.py:1547} INFO - Exporting env vars: AIRFLOW_CTX_DAG_OWNER='***' AIRFLOW_CTX_DAG_ID='nyc_taxi_etl' AIRFLOW_CTX_TASK_ID='download_parquet' AIRFLOW_CTX_EXECUTION_DATE='2023-01-02T00:00:00+00:00' AIRFLOW_CTX_TRY_NUMBER='1' AIRFLOW_CTX_DAG_RUN_ID='scheduled__2023-01-02T00:00:00+00:00'
[2024-08-01T14:38:20.455+0000] {python.py:183} INFO - Done. Returned value was: None
[2024-08-01T14:38:20.522+0000] {taskinstance.py:1350} INFO - Marking task as SUCCESS. dag_id=nyc_taxi_etl, task_id=download_parquet, execution_date=20230102T000000, start_date=20240801T143808, end_date=20240801T143820
[2024-08-01T14:38:20.669+0000] {local_task_job_runner.py:225} INFO - Task exited with return code 0
