[2024-08-01T19:33:11.401+0000] {logging_mixin.py:149} WARNING - /home/***/.local/lib/python3.7/site-packages/***/utils/sqlalchemy.py:124 DeprecationWarning: The sql_alchemy_conn option in [core] has been moved to the sql_alchemy_conn option in [database] - the old setting has been used, but please update your config.
[2024-08-01T19:33:11.468+0000] {taskinstance.py:1103} INFO - Dependencies all met for dep_context=non-requeueable deps ti=<TaskInstance: nyc_taxi_etl_continuous.process_month scheduled__2024-02-03T00:00:00+00:00 [queued]>
[2024-08-01T19:33:11.477+0000] {taskinstance.py:1103} INFO - Dependencies all met for dep_context=requeueable deps ti=<TaskInstance: nyc_taxi_etl_continuous.process_month scheduled__2024-02-03T00:00:00+00:00 [queued]>
[2024-08-01T19:33:11.478+0000] {taskinstance.py:1308} INFO - Starting attempt 1 of 2
[2024-08-01T19:33:11.489+0000] {taskinstance.py:1327} INFO - Executing <Task(PythonOperator): process_month> on 2024-02-03 00:00:00+00:00
[2024-08-01T19:33:11.501+0000] {standard_task_runner.py:57} INFO - Started process 3480 to run task
[2024-08-01T19:33:11.511+0000] {standard_task_runner.py:84} INFO - Running: ['***', 'tasks', 'run', 'nyc_taxi_etl_continuous', 'process_month', 'scheduled__2024-02-03T00:00:00+00:00', '--job-id', '47', '--raw', '--subdir', 'DAGS_FOLDER/nyc_taxi_etl.py', '--cfg-path', '/tmp/tmphc0anpg6']
[2024-08-01T19:33:11.518+0000] {standard_task_runner.py:85} INFO - Job 47: Subtask process_month
[2024-08-01T19:33:11.536+0000] {logging_mixin.py:149} WARNING - /home/***/.local/lib/python3.7/site-packages/***/settings.py:195 DeprecationWarning: The sql_alchemy_conn option in [core] has been moved to the sql_alchemy_conn option in [database] - the old setting has been used, but please update your config.
[2024-08-01T19:33:11.573+0000] {task_command.py:410} INFO - Running <TaskInstance: nyc_taxi_etl_continuous.process_month scheduled__2024-02-03T00:00:00+00:00 [running]> on host 6d66194ad4f7
[2024-08-01T19:33:11.584+0000] {logging_mixin.py:149} WARNING - /home/***/.local/lib/python3.7/site-packages/***/utils/sqlalchemy.py:124 DeprecationWarning: The sql_alchemy_conn option in [core] has been moved to the sql_alchemy_conn option in [database] - the old setting has been used, but please update your config.
[2024-08-01T19:33:12.007+0000] {taskinstance.py:1547} INFO - Exporting env vars: AIRFLOW_CTX_DAG_OWNER='***' AIRFLOW_CTX_DAG_ID='nyc_taxi_etl_continuous' AIRFLOW_CTX_TASK_ID='process_month' AIRFLOW_CTX_EXECUTION_DATE='2024-02-03T00:00:00+00:00' AIRFLOW_CTX_TRY_NUMBER='1' AIRFLOW_CTX_DAG_RUN_ID='scheduled__2024-02-03T00:00:00+00:00'
[2024-08-01T19:33:12.009+0000] {logging_mixin.py:149} WARNING - /home/***/.local/lib/python3.7/site-packages/***/utils/context.py:313 AirflowContextDeprecationWarning: Accessing 'execution_date' from the template is deprecated and will be removed in a future version. Please use 'data_interval_start' or 'logical_date' instead.
[2024-08-01T19:34:04.880+0000] {transform_data.py:10} INFO - Processing data for 2024-02
[2024-08-01T19:34:04.901+0000] {transform_data.py:11} INFO - Columns in the dataset: ['VendorID', 'tpep_pickup_datetime', 'tpep_dropoff_datetime', 'passenger_count', 'trip_distance', 'RatecodeID', 'store_and_fwd_flag', 'PULocationID', 'DOLocationID', 'payment_type', 'fare_amount', 'extra', 'mta_tax', 'tip_amount', 'tolls_amount', 'improvement_surcharge', 'total_amount', 'congestion_surcharge', 'Airport_fee']
[2024-08-01T19:34:13.672+0000] {transform_data.py:44} INFO - Cleaned data saved to data/cleaned_yellow_tripdata_2024_02.parquet
[2024-08-01T19:34:17.118+0000] {local_task_job_runner.py:115} ERROR - Received SIGTERM. Terminating subprocesses
[2024-08-01T19:34:17.172+0000] {process_utils.py:135} INFO - Sending Signals.SIGTERM to group 3480. PIDs of all processes in the group: [3480]
[2024-08-01T19:34:17.173+0000] {process_utils.py:86} INFO - Sending the signal Signals.SIGTERM to group 3480
[2024-08-01T19:34:26.627+0000] {logging_mixin.py:149} WARNING - /home/***/.local/lib/python3.7/site-packages/***/utils/sqlalchemy.py:124 DeprecationWarning: The sql_alchemy_conn option in [core] has been moved to the sql_alchemy_conn option in [database] - the old setting has been used, but please update your config.
[2024-08-01T19:34:26.718+0000] {taskinstance.py:1097} INFO - Dependencies not met for <TaskInstance: nyc_taxi_etl_continuous.process_month scheduled__2024-02-03T00:00:00+00:00 [running]>, dependency 'Task Instance State' FAILED: Task is in the 'running' state.
[2024-08-01T19:34:26.718+0000] {taskinstance.py:1097} INFO - Dependencies not met for <TaskInstance: nyc_taxi_etl_continuous.process_month scheduled__2024-02-03T00:00:00+00:00 [running]>, dependency 'Task Instance Not Running' FAILED: Task is in the running state
[2024-08-01T19:34:26.733+0000] {local_task_job_runner.py:154} INFO - Task is not able to be run
