[2024-08-01T14:45:54.447+0000] {logging_mixin.py:149} WARNING - /home/***/.local/lib/python3.7/site-packages/***/utils/sqlalchemy.py:124 DeprecationWarning: The sql_alchemy_conn option in [core] has been moved to the sql_alchemy_conn option in [database] - the old setting has been used, but please update your config.
[2024-08-01T14:45:54.467+0000] {taskinstance.py:1103} INFO - Dependencies all met for dep_context=non-requeueable deps ti=<TaskInstance: nyc_taxi_etl.upload_to_bigquery scheduled__2023-01-01T00:00:00+00:00 [queued]>
[2024-08-01T14:45:54.476+0000] {taskinstance.py:1103} INFO - Dependencies all met for dep_context=requeueable deps ti=<TaskInstance: nyc_taxi_etl.upload_to_bigquery scheduled__2023-01-01T00:00:00+00:00 [queued]>
[2024-08-01T14:45:54.476+0000] {taskinstance.py:1308} INFO - Starting attempt 1 of 2
[2024-08-01T14:45:54.489+0000] {taskinstance.py:1327} INFO - Executing <Task(PythonOperator): upload_to_bigquery> on 2023-01-01 00:00:00+00:00
[2024-08-01T14:45:54.499+0000] {standard_task_runner.py:57} INFO - Started process 1068 to run task
[2024-08-01T14:45:54.504+0000] {standard_task_runner.py:84} INFO - Running: ['***', 'tasks', 'run', 'nyc_taxi_etl', 'upload_to_bigquery', 'scheduled__2023-01-01T00:00:00+00:00', '--job-id', '25', '--raw', '--subdir', 'DAGS_FOLDER/nyc_taxi_etl.py', '--cfg-path', '/tmp/tmpy8l5eq7z']
[2024-08-01T14:45:54.506+0000] {standard_task_runner.py:85} INFO - Job 25: Subtask upload_to_bigquery
[2024-08-01T14:45:54.541+0000] {logging_mixin.py:149} WARNING - /home/***/.local/lib/python3.7/site-packages/***/settings.py:195 DeprecationWarning: The sql_alchemy_conn option in [core] has been moved to the sql_alchemy_conn option in [database] - the old setting has been used, but please update your config.
[2024-08-01T14:45:54.608+0000] {task_command.py:410} INFO - Running <TaskInstance: nyc_taxi_etl.upload_to_bigquery scheduled__2023-01-01T00:00:00+00:00 [running]> on host 31f8257a797f
[2024-08-01T14:45:54.667+0000] {logging_mixin.py:149} WARNING - /home/***/.local/lib/python3.7/site-packages/***/utils/sqlalchemy.py:124 DeprecationWarning: The sql_alchemy_conn option in [core] has been moved to the sql_alchemy_conn option in [database] - the old setting has been used, but please update your config.
[2024-08-01T14:45:55.261+0000] {taskinstance.py:1547} INFO - Exporting env vars: AIRFLOW_CTX_DAG_OWNER='***' AIRFLOW_CTX_DAG_ID='nyc_taxi_etl' AIRFLOW_CTX_TASK_ID='upload_to_bigquery' AIRFLOW_CTX_EXECUTION_DATE='2023-01-01T00:00:00+00:00' AIRFLOW_CTX_TRY_NUMBER='1' AIRFLOW_CTX_DAG_RUN_ID='scheduled__2023-01-01T00:00:00+00:00'
[2024-08-01T14:46:00.327+0000] {logging_mixin.py:149} INFO - Loaded dim_vendor to BigQuery
[2024-08-01T14:46:04.643+0000] {logging_mixin.py:149} INFO - Loaded dim_rate_code to BigQuery
[2024-08-01T14:46:08.719+0000] {logging_mixin.py:149} INFO - Loaded dim_payment_type to BigQuery
[2024-08-01T14:46:13.128+0000] {logging_mixin.py:149} INFO - Loaded dim_location to BigQuery
[2024-08-01T14:47:22.800+0000] {logging_mixin.py:149} INFO - Loaded fact_trip to BigQuery
[2024-08-01T14:47:22.870+0000] {python.py:183} INFO - Done. Returned value was: None
[2024-08-01T14:47:23.148+0000] {taskinstance.py:1350} INFO - Marking task as SUCCESS. dag_id=nyc_taxi_etl, task_id=upload_to_bigquery, execution_date=20230101T000000, start_date=20240801T144554, end_date=20240801T144723
[2024-08-01T14:47:23.350+0000] {local_task_job_runner.py:225} INFO - Task exited with return code 0
[2024-08-01T14:47:23.525+0000] {taskinstance.py:2651} INFO - 0 downstream tasks scheduled from follow-on schedule check
