[2024-08-01T14:30:53.742+0000] {logging_mixin.py:149} WARNING - /home/***/.local/lib/python3.7/site-packages/***/utils/sqlalchemy.py:124 DeprecationWarning: The sql_alchemy_conn option in [core] has been moved to the sql_alchemy_conn option in [database] - the old setting has been used, but please update your config.
[2024-08-01T14:30:53.759+0000] {taskinstance.py:1103} INFO - Dependencies all met for dep_context=non-requeueable deps ti=<TaskInstance: nyc_taxi_etl.download_parquet scheduled__2023-01-01T00:00:00+00:00 [queued]>
[2024-08-01T14:30:53.771+0000] {taskinstance.py:1103} INFO - Dependencies all met for dep_context=requeueable deps ti=<TaskInstance: nyc_taxi_etl.download_parquet scheduled__2023-01-01T00:00:00+00:00 [queued]>
[2024-08-01T14:30:53.772+0000] {taskinstance.py:1308} INFO - Starting attempt 1 of 2
[2024-08-01T14:30:53.795+0000] {taskinstance.py:1327} INFO - Executing <Task(PythonOperator): download_parquet> on 2023-01-01 00:00:00+00:00
[2024-08-01T14:30:53.818+0000] {standard_task_runner.py:57} INFO - Started process 70 to run task
[2024-08-01T14:30:53.825+0000] {standard_task_runner.py:84} INFO - Running: ['***', 'tasks', 'run', 'nyc_taxi_etl', 'download_parquet', 'scheduled__2023-01-01T00:00:00+00:00', '--job-id', '2', '--raw', '--subdir', 'DAGS_FOLDER/nyc_taxi_etl.py', '--cfg-path', '/tmp/tmptg2qrn7i']
[2024-08-01T14:30:53.830+0000] {standard_task_runner.py:85} INFO - Job 2: Subtask download_parquet
[2024-08-01T14:30:53.969+0000] {logging_mixin.py:149} WARNING - /home/***/.local/lib/python3.7/site-packages/***/settings.py:195 DeprecationWarning: The sql_alchemy_conn option in [core] has been moved to the sql_alchemy_conn option in [database] - the old setting has been used, but please update your config.
[2024-08-01T14:30:54.271+0000] {task_command.py:410} INFO - Running <TaskInstance: nyc_taxi_etl.download_parquet scheduled__2023-01-01T00:00:00+00:00 [running]> on host 31f8257a797f
[2024-08-01T14:30:54.301+0000] {logging_mixin.py:149} WARNING - /home/***/.local/lib/python3.7/site-packages/***/utils/sqlalchemy.py:124 DeprecationWarning: The sql_alchemy_conn option in [core] has been moved to the sql_alchemy_conn option in [database] - the old setting has been used, but please update your config.
[2024-08-01T14:30:55.738+0000] {taskinstance.py:1547} INFO - Exporting env vars: AIRFLOW_CTX_DAG_OWNER='***' AIRFLOW_CTX_DAG_ID='nyc_taxi_etl' AIRFLOW_CTX_TASK_ID='download_parquet' AIRFLOW_CTX_EXECUTION_DATE='2023-01-01T00:00:00+00:00' AIRFLOW_CTX_TRY_NUMBER='1' AIRFLOW_CTX_DAG_RUN_ID='scheduled__2023-01-01T00:00:00+00:00'
[2024-08-01T14:31:11.376+0000] {python.py:183} INFO - Done. Returned value was: None
[2024-08-01T14:31:11.441+0000] {taskinstance.py:1350} INFO - Marking task as SUCCESS. dag_id=nyc_taxi_etl, task_id=download_parquet, execution_date=20230101T000000, start_date=20240801T143053, end_date=20240801T143111
[2024-08-01T14:31:11.671+0000] {local_task_job_runner.py:225} INFO - Task exited with return code 0
[2024-08-01T14:31:12.299+0000] {taskinstance.py:2651} INFO - 1 downstream tasks scheduled from follow-on schedule check
[2024-08-01T14:37:37.759+0000] {logging_mixin.py:149} WARNING - /home/***/.local/lib/python3.7/site-packages/***/utils/sqlalchemy.py:124 DeprecationWarning: The sql_alchemy_conn option in [core] has been moved to the sql_alchemy_conn option in [database] - the old setting has been used, but please update your config.
[2024-08-01T14:37:37.798+0000] {taskinstance.py:1103} INFO - Dependencies all met for dep_context=non-requeueable deps ti=<TaskInstance: nyc_taxi_etl.download_parquet scheduled__2023-01-01T00:00:00+00:00 [queued]>
[2024-08-01T14:37:37.818+0000] {taskinstance.py:1103} INFO - Dependencies all met for dep_context=requeueable deps ti=<TaskInstance: nyc_taxi_etl.download_parquet scheduled__2023-01-01T00:00:00+00:00 [queued]>
[2024-08-01T14:37:37.819+0000] {taskinstance.py:1308} INFO - Starting attempt 1 of 2
[2024-08-01T14:37:37.854+0000] {taskinstance.py:1327} INFO - Executing <Task(PythonOperator): download_parquet> on 2023-01-01 00:00:00+00:00
[2024-08-01T14:37:37.870+0000] {standard_task_runner.py:57} INFO - Started process 540 to run task
[2024-08-01T14:37:37.893+0000] {standard_task_runner.py:84} INFO - Running: ['***', 'tasks', 'run', 'nyc_taxi_etl', 'download_parquet', 'scheduled__2023-01-01T00:00:00+00:00', '--job-id', '13', '--raw', '--subdir', 'DAGS_FOLDER/nyc_taxi_etl.py', '--cfg-path', '/tmp/tmp93d_p_t1']
[2024-08-01T14:37:37.898+0000] {standard_task_runner.py:85} INFO - Job 13: Subtask download_parquet
[2024-08-01T14:37:37.962+0000] {logging_mixin.py:149} WARNING - /home/***/.local/lib/python3.7/site-packages/***/settings.py:195 DeprecationWarning: The sql_alchemy_conn option in [core] has been moved to the sql_alchemy_conn option in [database] - the old setting has been used, but please update your config.
[2024-08-01T14:37:38.048+0000] {task_command.py:410} INFO - Running <TaskInstance: nyc_taxi_etl.download_parquet scheduled__2023-01-01T00:00:00+00:00 [running]> on host 31f8257a797f
[2024-08-01T14:37:38.093+0000] {logging_mixin.py:149} WARNING - /home/***/.local/lib/python3.7/site-packages/***/utils/sqlalchemy.py:124 DeprecationWarning: The sql_alchemy_conn option in [core] has been moved to the sql_alchemy_conn option in [database] - the old setting has been used, but please update your config.
[2024-08-01T14:37:38.425+0000] {taskinstance.py:1547} INFO - Exporting env vars: AIRFLOW_CTX_DAG_OWNER='***' AIRFLOW_CTX_DAG_ID='nyc_taxi_etl' AIRFLOW_CTX_TASK_ID='download_parquet' AIRFLOW_CTX_EXECUTION_DATE='2023-01-01T00:00:00+00:00' AIRFLOW_CTX_TRY_NUMBER='1' AIRFLOW_CTX_DAG_RUN_ID='scheduled__2023-01-01T00:00:00+00:00'
[2024-08-01T14:37:48.919+0000] {python.py:183} INFO - Done. Returned value was: None
[2024-08-01T14:37:48.960+0000] {taskinstance.py:1350} INFO - Marking task as SUCCESS. dag_id=nyc_taxi_etl, task_id=download_parquet, execution_date=20230101T000000, start_date=20240801T143737, end_date=20240801T143748
[2024-08-01T14:37:49.126+0000] {local_task_job_runner.py:225} INFO - Task exited with return code 0
