[2024-08-01T19:25:59.137+0000] {logging_mixin.py:149} WARNING - /home/***/.local/lib/python3.7/site-packages/***/utils/sqlalchemy.py:124 DeprecationWarning: The sql_alchemy_conn option in [core] has been moved to the sql_alchemy_conn option in [database] - the old setting has been used, but please update your config.
[2024-08-01T19:25:59.309+0000] {taskinstance.py:1103} INFO - Dependencies all met for dep_context=non-requeueable deps ti=<TaskInstance: nyc_taxi_etl_continuous.process_month scheduled__2023-11-03T00:00:00+00:00 [queued]>
[2024-08-01T19:25:59.327+0000] {taskinstance.py:1103} INFO - Dependencies all met for dep_context=requeueable deps ti=<TaskInstance: nyc_taxi_etl_continuous.process_month scheduled__2023-11-03T00:00:00+00:00 [queued]>
[2024-08-01T19:25:59.329+0000] {taskinstance.py:1308} INFO - Starting attempt 1 of 2
[2024-08-01T19:25:59.370+0000] {taskinstance.py:1327} INFO - Executing <Task(PythonOperator): process_month> on 2023-11-03 00:00:00+00:00
[2024-08-01T19:25:59.378+0000] {standard_task_runner.py:57} INFO - Started process 3232 to run task
[2024-08-01T19:25:59.384+0000] {standard_task_runner.py:84} INFO - Running: ['***', 'tasks', 'run', 'nyc_taxi_etl_continuous', 'process_month', 'scheduled__2023-11-03T00:00:00+00:00', '--job-id', '44', '--raw', '--subdir', 'DAGS_FOLDER/nyc_taxi_etl.py', '--cfg-path', '/tmp/tmpdueral58']
[2024-08-01T19:25:59.388+0000] {standard_task_runner.py:85} INFO - Job 44: Subtask process_month
[2024-08-01T19:25:59.425+0000] {logging_mixin.py:149} WARNING - /home/***/.local/lib/python3.7/site-packages/***/settings.py:195 DeprecationWarning: The sql_alchemy_conn option in [core] has been moved to the sql_alchemy_conn option in [database] - the old setting has been used, but please update your config.
[2024-08-01T19:25:59.490+0000] {task_command.py:410} INFO - Running <TaskInstance: nyc_taxi_etl_continuous.process_month scheduled__2023-11-03T00:00:00+00:00 [running]> on host 6d66194ad4f7
[2024-08-01T19:25:59.518+0000] {logging_mixin.py:149} WARNING - /home/***/.local/lib/python3.7/site-packages/***/utils/sqlalchemy.py:124 DeprecationWarning: The sql_alchemy_conn option in [core] has been moved to the sql_alchemy_conn option in [database] - the old setting has been used, but please update your config.
[2024-08-01T19:25:59.999+0000] {taskinstance.py:1547} INFO - Exporting env vars: AIRFLOW_CTX_DAG_OWNER='***' AIRFLOW_CTX_DAG_ID='nyc_taxi_etl_continuous' AIRFLOW_CTX_TASK_ID='process_month' AIRFLOW_CTX_EXECUTION_DATE='2023-11-03T00:00:00+00:00' AIRFLOW_CTX_TRY_NUMBER='1' AIRFLOW_CTX_DAG_RUN_ID='scheduled__2023-11-03T00:00:00+00:00'
[2024-08-01T19:26:00.002+0000] {logging_mixin.py:149} WARNING - /home/***/.local/lib/python3.7/site-packages/***/utils/context.py:313 AirflowContextDeprecationWarning: Accessing 'execution_date' from the template is deprecated and will be removed in a future version. Please use 'data_interval_start' or 'logical_date' instead.
[2024-08-01T19:26:56.828+0000] {transform_data.py:10} INFO - Processing data for 2023-11
[2024-08-01T19:26:56.837+0000] {transform_data.py:11} INFO - Columns in the dataset: ['VendorID', 'tpep_pickup_datetime', 'tpep_dropoff_datetime', 'passenger_count', 'trip_distance', 'RatecodeID', 'store_and_fwd_flag', 'PULocationID', 'DOLocationID', 'payment_type', 'fare_amount', 'extra', 'mta_tax', 'tip_amount', 'tolls_amount', 'improvement_surcharge', 'total_amount', 'congestion_surcharge', 'Airport_fee']
[2024-08-01T19:27:05.368+0000] {transform_data.py:44} INFO - Cleaned data saved to data/cleaned_yellow_tripdata_2023_11.parquet
[2024-08-01T19:28:14.848+0000] {logging_mixin.py:149} INFO - Loaded cleaned data for 2023-11 to BigQuery
[2024-08-01T19:28:14.870+0000] {python.py:183} INFO - Done. Returned value was: None
[2024-08-01T19:28:15.011+0000] {taskinstance.py:1350} INFO - Marking task as SUCCESS. dag_id=nyc_taxi_etl_continuous, task_id=process_month, execution_date=20231103T000000, start_date=20240801T192559, end_date=20240801T192815
[2024-08-01T19:28:15.264+0000] {local_task_job_runner.py:225} INFO - Task exited with return code 0
[2024-08-01T19:28:15.446+0000] {taskinstance.py:2651} INFO - 0 downstream tasks scheduled from follow-on schedule check
