[2024-08-01T14:27:57.127+0000] {manager.py:487} INFO - Processing files using up to 2 processes at a time 
[2024-08-01T14:27:57.129+0000] {manager.py:488} INFO - Process each file at most once every 30 seconds
[2024-08-01T14:27:57.130+0000] {manager.py:490} INFO - Checking for new files in /opt/airflow/dags every 300 seconds
[2024-08-01T14:27:57.131+0000] {manager.py:758} INFO - Searching for files in /opt/airflow/dags
[2024-08-01T14:27:57.147+0000] {manager.py:761} INFO - There are 1 files in /opt/airflow/dags
[2024-08-01T14:27:57.299+0000] {manager.py:889} INFO - 
================================================================================
DAG File Processing Stats

File Path                            PID  Runtime      # DAGs    # Errors  Last Runtime    Last Run
---------------------------------  -----  ---------  --------  ----------  --------------  ----------
/opt/airflow/dags/nyc_taxi_etl.py     24  0.08s             0           0
================================================================================
[2024-08-01T14:28:28.250+0000] {manager.py:889} INFO - 
================================================================================
DAG File Processing Stats

File Path                            PID  Runtime      # DAGs    # Errors  Last Runtime    Last Run
---------------------------------  -----  ---------  --------  ----------  --------------  -------------------
/opt/airflow/dags/nyc_taxi_etl.py     25  0.04s             0           1  0.14s           2024-08-01T14:27:57
================================================================================
[2024-08-01T14:28:58.943+0000] {manager.py:889} INFO - 
================================================================================
DAG File Processing Stats

File Path                            PID  Runtime      # DAGs    # Errors  Last Runtime    Last Run
---------------------------------  -----  ---------  --------  ----------  --------------  -------------------
/opt/airflow/dags/nyc_taxi_etl.py     26  0.01s             0           1  0.29s           2024-08-01T14:28:28
================================================================================
[2024-08-01T14:29:29.396+0000] {manager.py:889} INFO - 
================================================================================
DAG File Processing Stats

File Path                            PID  Runtime      # DAGs    # Errors  Last Runtime    Last Run
---------------------------------  -----  ---------  --------  ----------  --------------  -------------------
/opt/airflow/dags/nyc_taxi_etl.py     27  0.02s             0           1  0.38s           2024-08-01T14:28:59
================================================================================
[2024-08-01T14:29:59.864+0000] {manager.py:889} INFO - 
================================================================================
DAG File Processing Stats

File Path                            PID  Runtime      # DAGs    # Errors  Last Runtime    Last Run
---------------------------------  -----  ---------  --------  ----------  --------------  -------------------
/opt/airflow/dags/nyc_taxi_etl.py     28  0.05s             0           1  0.12s           2024-08-01T14:29:29
================================================================================
[2024-08-01T14:30:30.511+0000] {manager.py:889} INFO - 
================================================================================
DAG File Processing Stats

File Path                          PID    Runtime      # DAGs    # Errors  Last Runtime    Last Run
---------------------------------  -----  ---------  --------  ----------  --------------  -------------------
/opt/airflow/dags/nyc_taxi_etl.py                           1           0  6.67s           2024-08-01T14:30:09
================================================================================
[2024-08-01T14:31:01.190+0000] {manager.py:889} INFO - 
================================================================================
DAG File Processing Stats

File Path                          PID    Runtime      # DAGs    # Errors  Last Runtime    Last Run
---------------------------------  -----  ---------  --------  ----------  --------------  -------------------
/opt/airflow/dags/nyc_taxi_etl.py                           1           0  1.86s           2024-08-01T14:30:41
================================================================================
[2024-08-01T14:31:31.312+0000] {manager.py:889} INFO - 
================================================================================
DAG File Processing Stats

File Path                          PID    Runtime      # DAGs    # Errors  Last Runtime    Last Run
---------------------------------  -----  ---------  --------  ----------  --------------  -------------------
/opt/airflow/dags/nyc_taxi_etl.py                           1           0  2.35s           2024-08-01T14:31:15
================================================================================
[2024-08-01T14:32:02.149+0000] {manager.py:889} INFO - 
================================================================================
DAG File Processing Stats

File Path                          PID    Runtime      # DAGs    # Errors  Last Runtime    Last Run
---------------------------------  -----  ---------  --------  ----------  --------------  -------------------
/opt/airflow/dags/nyc_taxi_etl.py                           1           0  2.28s           2024-08-01T14:31:48
================================================================================
[2024-08-01T14:32:32.659+0000] {manager.py:889} INFO - 
================================================================================
DAG File Processing Stats

File Path                          PID    Runtime      # DAGs    # Errors  Last Runtime    Last Run
---------------------------------  -----  ---------  --------  ----------  --------------  -------------------
/opt/airflow/dags/nyc_taxi_etl.py                           1           0  1.88s           2024-08-01T14:32:20
================================================================================
[2024-08-01T14:32:57.551+0000] {manager.py:758} INFO - Searching for files in /opt/airflow/dags
[2024-08-01T14:32:57.600+0000] {manager.py:761} INFO - There are 1 files in /opt/airflow/dags
[2024-08-01T14:33:02.862+0000] {manager.py:889} INFO - 
================================================================================
DAG File Processing Stats

File Path                          PID    Runtime      # DAGs    # Errors  Last Runtime    Last Run
---------------------------------  -----  ---------  --------  ----------  --------------  -------------------
/opt/airflow/dags/nyc_taxi_etl.py                           1           0  2.40s           2024-08-01T14:32:53
================================================================================
[2024-08-01T14:33:33.123+0000] {manager.py:889} INFO - 
================================================================================
DAG File Processing Stats

File Path                          PID    Runtime      # DAGs    # Errors  Last Runtime    Last Run
---------------------------------  -----  ---------  --------  ----------  --------------  -------------------
/opt/airflow/dags/nyc_taxi_etl.py                           1           0  1.43s           2024-08-01T14:33:25
================================================================================
[2024-08-01T14:34:03.895+0000] {manager.py:889} INFO - 
================================================================================
DAG File Processing Stats

File Path                          PID    Runtime      # DAGs    # Errors  Last Runtime    Last Run
---------------------------------  -----  ---------  --------  ----------  --------------  -------------------
/opt/airflow/dags/nyc_taxi_etl.py                           1           0  2.20s           2024-08-01T14:33:57
================================================================================
[2024-08-01T14:34:34.465+0000] {manager.py:889} INFO - 
================================================================================
DAG File Processing Stats

File Path                          PID    Runtime      # DAGs    # Errors  Last Runtime    Last Run
---------------------------------  -----  ---------  --------  ----------  --------------  -------------------
/opt/airflow/dags/nyc_taxi_etl.py                           1           0  1.22s           2024-08-01T14:34:29
================================================================================
[2024-08-01T14:35:04.485+0000] {manager.py:889} INFO - 
================================================================================
DAG File Processing Stats

File Path                          PID    Runtime      # DAGs    # Errors  Last Runtime    Last Run
---------------------------------  -----  ---------  --------  ----------  --------------  -------------------
/opt/airflow/dags/nyc_taxi_etl.py                           1           0  1.49s           2024-08-01T14:35:01
================================================================================
[2024-08-01T14:35:34.748+0000] {manager.py:889} INFO - 
================================================================================
DAG File Processing Stats

File Path                          PID    Runtime      # DAGs    # Errors  Last Runtime    Last Run
---------------------------------  -----  ---------  --------  ----------  --------------  -------------------
/opt/airflow/dags/nyc_taxi_etl.py                           1           0  1.01s           2024-08-01T14:35:32
================================================================================
[2024-08-01T14:36:05.019+0000] {manager.py:889} INFO - 
================================================================================
DAG File Processing Stats

File Path                          PID    Runtime      # DAGs    # Errors  Last Runtime    Last Run
---------------------------------  -----  ---------  --------  ----------  --------------  -------------------
/opt/airflow/dags/nyc_taxi_etl.py                           1           0  1.85s           2024-08-01T14:36:02
================================================================================
[2024-08-01T14:36:35.297+0000] {manager.py:889} INFO - 
================================================================================
DAG File Processing Stats

File Path                            PID  Runtime      # DAGs    # Errors  Last Runtime    Last Run
---------------------------------  -----  ---------  --------  ----------  --------------  -------------------
/opt/airflow/dags/nyc_taxi_etl.py    486  2.14s             1           0  1.85s           2024-08-01T14:36:02
================================================================================
[2024-08-01T14:37:05.699+0000] {manager.py:889} INFO - 
================================================================================
DAG File Processing Stats

File Path                            PID  Runtime      # DAGs    # Errors  Last Runtime    Last Run
---------------------------------  -----  ---------  --------  ----------  --------------  -------------------
/opt/airflow/dags/nyc_taxi_etl.py    499  1.02s             1           0  3.53s           2024-08-01T14:36:36
================================================================================
[2024-08-01T14:37:36.426+0000] {manager.py:889} INFO - 
================================================================================
DAG File Processing Stats

File Path                            PID  Runtime      # DAGs    # Errors  Last Runtime    Last Run
---------------------------------  -----  ---------  --------  ----------  --------------  -------------------
/opt/airflow/dags/nyc_taxi_etl.py    527  0.02s             1           0  1.22s           2024-08-01T14:37:05
================================================================================
[2024-08-01T14:37:57.652+0000] {manager.py:758} INFO - Searching for files in /opt/airflow/dags
[2024-08-01T14:37:57.667+0000] {manager.py:761} INFO - There are 1 files in /opt/airflow/dags
[2024-08-01T14:38:06.669+0000] {manager.py:889} INFO - 
================================================================================
DAG File Processing Stats

File Path                          PID    Runtime      # DAGs    # Errors  Last Runtime    Last Run
---------------------------------  -----  ---------  --------  ----------  --------------  -------------------
/opt/airflow/dags/nyc_taxi_etl.py                           1           0  1.73s           2024-08-01T14:37:38
================================================================================
[2024-08-01T14:38:37.406+0000] {manager.py:889} INFO - 
================================================================================
DAG File Processing Stats

File Path                          PID    Runtime      # DAGs    # Errors  Last Runtime    Last Run
---------------------------------  -----  ---------  --------  ----------  --------------  -------------------
/opt/airflow/dags/nyc_taxi_etl.py                           1           0  3.28s           2024-08-01T14:38:11
================================================================================
[2024-08-01T14:39:07.461+0000] {manager.py:889} INFO - 
================================================================================
DAG File Processing Stats

File Path                          PID    Runtime      # DAGs    # Errors  Last Runtime    Last Run
---------------------------------  -----  ---------  --------  ----------  --------------  -------------------
/opt/airflow/dags/nyc_taxi_etl.py                           1           0  4.33s           2024-08-01T14:38:46
================================================================================
[2024-08-01T14:39:37.950+0000] {manager.py:889} INFO - 
================================================================================
DAG File Processing Stats

File Path                          PID    Runtime      # DAGs    # Errors  Last Runtime    Last Run
---------------------------------  -----  ---------  --------  ----------  --------------  -------------------
/opt/airflow/dags/nyc_taxi_etl.py                           1           0  2.10s           2024-08-01T14:39:19
================================================================================
[2024-08-01T14:40:08.598+0000] {manager.py:889} INFO - 
================================================================================
DAG File Processing Stats

File Path                          PID    Runtime      # DAGs    # Errors  Last Runtime    Last Run
---------------------------------  -----  ---------  --------  ----------  --------------  -------------------
/opt/airflow/dags/nyc_taxi_etl.py                           1           0  3.38s           2024-08-01T14:39:53
================================================================================
[2024-08-01T14:40:39.541+0000] {manager.py:889} INFO - 
================================================================================
DAG File Processing Stats

File Path                          PID    Runtime      # DAGs    # Errors  Last Runtime    Last Run
---------------------------------  -----  ---------  --------  ----------  --------------  -------------------
/opt/airflow/dags/nyc_taxi_etl.py                           1           0  2.02s           2024-08-01T14:40:26
================================================================================
[2024-08-01T14:41:10.007+0000] {manager.py:889} INFO - 
================================================================================
DAG File Processing Stats

File Path                          PID    Runtime      # DAGs    # Errors  Last Runtime    Last Run
---------------------------------  -----  ---------  --------  ----------  --------------  -------------------
/opt/airflow/dags/nyc_taxi_etl.py                           1           0  1.29s           2024-08-01T14:40:58
================================================================================
[2024-08-01T14:41:40.150+0000] {manager.py:889} INFO - 
================================================================================
DAG File Processing Stats

File Path                          PID    Runtime      # DAGs    # Errors  Last Runtime    Last Run
---------------------------------  -----  ---------  --------  ----------  --------------  -------------------
/opt/airflow/dags/nyc_taxi_etl.py                           1           0  5.77s           2024-08-01T14:41:34
================================================================================
[2024-08-01T14:42:10.310+0000] {manager.py:889} INFO - 
================================================================================
DAG File Processing Stats

File Path                          PID    Runtime      # DAGs    # Errors  Last Runtime    Last Run
---------------------------------  -----  ---------  --------  ----------  --------------  -------------------
/opt/airflow/dags/nyc_taxi_etl.py                           1           0  4.06s           2024-08-01T14:42:09
================================================================================
[2024-08-01T14:42:40.593+0000] {manager.py:889} INFO - 
================================================================================
DAG File Processing Stats

File Path                            PID  Runtime      # DAGs    # Errors  Last Runtime    Last Run
---------------------------------  -----  ---------  --------  ----------  --------------  -------------------
/opt/airflow/dags/nyc_taxi_etl.py    937  1.10s             1           0  4.06s           2024-08-01T14:42:09
================================================================================
[2024-08-01T14:42:58.253+0000] {manager.py:758} INFO - Searching for files in /opt/airflow/dags
[2024-08-01T14:42:58.303+0000] {manager.py:761} INFO - There are 1 files in /opt/airflow/dags
[2024-08-01T14:43:10.835+0000] {manager.py:889} INFO - 
================================================================================
DAG File Processing Stats

File Path                          PID    Runtime      # DAGs    # Errors  Last Runtime    Last Run
---------------------------------  -----  ---------  --------  ----------  --------------  -------------------
/opt/airflow/dags/nyc_taxi_etl.py                           1           0  3.41s           2024-08-01T14:42:42
================================================================================
[2024-08-01T14:43:41.707+0000] {manager.py:889} INFO - 
================================================================================
DAG File Processing Stats

File Path                          PID    Runtime      # DAGs    # Errors  Last Runtime    Last Run
---------------------------------  -----  ---------  --------  ----------  --------------  -------------------
/opt/airflow/dags/nyc_taxi_etl.py                           1           0  11.54s          2024-08-01T14:43:24
================================================================================
[2024-08-01T14:44:12.040+0000] {manager.py:889} INFO - 
================================================================================
DAG File Processing Stats

File Path                            PID  Runtime      # DAGs    # Errors  Last Runtime    Last Run
---------------------------------  -----  ---------  --------  ----------  --------------  -------------------
/opt/airflow/dags/nyc_taxi_etl.py    976  16.75s            1           0  11.54s          2024-08-01T14:43:24
================================================================================
[2024-08-01T14:44:42.357+0000] {manager.py:889} INFO - 
================================================================================
DAG File Processing Stats

File Path                          PID    Runtime      # DAGs    # Errors  Last Runtime    Last Run
---------------------------------  -----  ---------  --------  ----------  --------------  -------------------
/opt/airflow/dags/nyc_taxi_etl.py                           1           0  20.70s          2024-08-01T14:44:15
================================================================================
[2024-08-01T14:45:13.065+0000] {manager.py:889} INFO - 
================================================================================
DAG File Processing Stats

File Path                          PID    Runtime      # DAGs    # Errors  Last Runtime    Last Run
---------------------------------  -----  ---------  --------  ----------  --------------  -------------------
/opt/airflow/dags/nyc_taxi_etl.py                           1           0  21.51s          2024-08-01T14:45:08
================================================================================
[2024-08-01T14:45:43.318+0000] {manager.py:889} INFO - 
================================================================================
DAG File Processing Stats

File Path                            PID  Runtime      # DAGs    # Errors  Last Runtime    Last Run
---------------------------------  -----  ---------  --------  ----------  --------------  -------------------
/opt/airflow/dags/nyc_taxi_etl.py   1039  4.17s             1           0  21.51s          2024-08-01T14:45:08
================================================================================
[2024-08-01T14:46:13.915+0000] {manager.py:889} INFO - 
================================================================================
DAG File Processing Stats

File Path                          PID    Runtime      # DAGs    # Errors  Last Runtime    Last Run
---------------------------------  -----  ---------  --------  ----------  --------------  -------------------
/opt/airflow/dags/nyc_taxi_etl.py                           1           0  9.84s           2024-08-01T14:45:48
================================================================================
[2024-08-01T14:46:43.957+0000] {manager.py:889} INFO - 
================================================================================
DAG File Processing Stats

File Path                          PID    Runtime      # DAGs    # Errors  Last Runtime    Last Run
---------------------------------  -----  ---------  --------  ----------  --------------  -------------------
/opt/airflow/dags/nyc_taxi_etl.py                           1           0  2.39s           2024-08-01T14:46:21
================================================================================
[2024-08-01T14:47:14.341+0000] {manager.py:889} INFO - 
================================================================================
DAG File Processing Stats

File Path                          PID    Runtime      # DAGs    # Errors  Last Runtime    Last Run
---------------------------------  -----  ---------  --------  ----------  --------------  -------------------
/opt/airflow/dags/nyc_taxi_etl.py                           1           0  1.53s           2024-08-01T14:46:53
================================================================================
[2024-08-01T14:47:44.989+0000] {manager.py:889} INFO - 
================================================================================
DAG File Processing Stats

File Path                          PID    Runtime      # DAGs    # Errors  Last Runtime    Last Run
---------------------------------  -----  ---------  --------  ----------  --------------  -------------------
/opt/airflow/dags/nyc_taxi_etl.py                           1           0  5.38s           2024-08-01T14:47:29
================================================================================
[2024-08-01T14:47:58.294+0000] {manager.py:758} INFO - Searching for files in /opt/airflow/dags
[2024-08-01T14:47:58.312+0000] {manager.py:761} INFO - There are 1 files in /opt/airflow/dags
[2024-08-01T14:48:15.554+0000] {manager.py:889} INFO - 
================================================================================
DAG File Processing Stats

File Path                          PID    Runtime      # DAGs    # Errors  Last Runtime    Last Run
---------------------------------  -----  ---------  --------  ----------  --------------  -------------------
/opt/airflow/dags/nyc_taxi_etl.py                           1           0  1.94s           2024-08-01T14:48:02
================================================================================
[2024-08-01T14:48:46.144+0000] {manager.py:889} INFO - 
================================================================================
DAG File Processing Stats

File Path                          PID    Runtime      # DAGs    # Errors  Last Runtime    Last Run
---------------------------------  -----  ---------  --------  ----------  --------------  -------------------
/opt/airflow/dags/nyc_taxi_etl.py                           1           0  1.55s           2024-08-01T14:48:34
================================================================================
[2024-08-01T14:49:16.251+0000] {manager.py:889} INFO - 
================================================================================
DAG File Processing Stats

File Path                          PID    Runtime      # DAGs    # Errors  Last Runtime    Last Run
---------------------------------  -----  ---------  --------  ----------  --------------  -------------------
/opt/airflow/dags/nyc_taxi_etl.py                           1           0  1.46s           2024-08-01T14:49:06
================================================================================
[2024-08-01T14:49:44.221+0000] {manager.py:470} INFO - Exiting gracefully upon receiving signal 15
[2024-08-01T14:49:45.929+0000] {manager.py:470} INFO - Exiting gracefully upon receiving signal 15
